2025-06-08 21:10:31:1031 [32minfo[39m: [32mPrisma Info[39m
2025-06-08 21:10:36:1036 [31merror[39m: [31mPrisma Error[39m
[31mError: Prisma Error[39m
[31m    at EventEmitter.eval (webpack-internal:///(rsc)/./app/lib/utils/db.ts:45:55)[39m
[31m    at EventEmitter.emit (node:events:530:35)[39m
[31m    at Zn.handleAndLogRequestError (/home/moamen/Desktop/Grade-project/masar/node_modules/@prisma/client/runtime/library.js:121:6854)[39m
[31m    at Zn.request (/home/moamen/Desktop/Grade-project/masar/node_modules/@prisma/client/runtime/library.js:121:6491)[39m
[31m    at async l (/home/moamen/Desktop/Grade-project/masar/node_modules/@prisma/client/runtime/library.js:130:9778)[39m
[31m    at async POST (webpack-internal:///(rsc)/./app/api/profile/route.ts:45:29)[39m
[31m    at async AppRouteRouteModule.do (/home/moamen/Desktop/Grade-project/masar/node_modules/next/dist/compiled/next-server/app-route.runtime.dev.js:26:34112)[39m
[31m    at async AppRouteRouteModule.handle (/home/moamen/Desktop/Grade-project/masar/node_modules/next/dist/compiled/next-server/app-route.runtime.dev.js:26:41338)[39m
[31m    at async doRender (/home/moamen/Desktop/Grade-project/masar/node_modules/next/dist/server/base-server.js:1518:42)[39m
[31m    at async DevServer.renderToResponseWithComponentsImpl (/home/moamen/Desktop/Grade-project/masar/node_modules/next/dist/server/base-server.js:1920:28)[39m
[31m    at async DevServer.renderPageComponent (/home/moamen/Desktop/Grade-project/masar/node_modules/next/dist/server/base-server.js:2408:24)[39m
[31m    at async DevServer.renderToResponseImpl (/home/moamen/Desktop/Grade-project/masar/node_modules/next/dist/server/base-server.js:2445:32)[39m
[31m    at async DevServer.pipeImpl (/home/moamen/Desktop/Grade-project/masar/node_modules/next/dist/server/base-server.js:1008:25)[39m
[31m    at async NextNodeServer.handleCatchallRenderRequest (/home/moamen/Desktop/Grade-project/masar/node_modules/next/dist/server/next-server.js:305:17)[39m
[31m    at async DevServer.handleRequestImpl (/home/moamen/Desktop/Grade-project/masar/node_modules/next/dist/server/base-server.js:900:17)[39m
[31m    at async /home/moamen/Desktop/Grade-project/masar/node_modules/next/dist/server/dev/next-dev-server.js:371:20[39m
[31m    at async Span.traceAsyncFn (/home/moamen/Desktop/Grade-project/masar/node_modules/next/dist/trace/trace.js:157:20)[39m
[31m    at async DevServer.handleRequest (/home/moamen/Desktop/Grade-project/masar/node_modules/next/dist/server/dev/next-dev-server.js:368:24)[39m
[31m    at async invokeRender (/home/moamen/Desktop/Grade-project/masar/node_modules/next/dist/server/lib/router-server.js:237:21)[39m
[31m    at async handleRequest (/home/moamen/Desktop/Grade-project/masar/node_modules/next/dist/server/lib/router-server.js:428:24)[39m
[31m    at async requestHandlerImpl (/home/moamen/Desktop/Grade-project/masar/node_modules/next/dist/server/lib/router-server.js:452:13)[39m
[31m    at async Server.requestListener (/home/moamen/Desktop/Grade-project/masar/node_modules/next/dist/server/lib/start-server.js:158:13)[39m
2025-06-08 21:10:36:1036 [31merror[39m: [31m[39m
[31mInvalid `prisma.user.upsert()` invocation:[39m


[31mCan't reach database server at `masar-db-mahmoudelbanna136-190c.f.aivencloud.com:16649`[39m

[31mPlease make sure your database server is running at `masar-db-mahmoudelbanna136-190c.f.aivencloud.com:16649`.[39m
[31mPrismaClientInitializationError: [39m
[31mInvalid `prisma.user.upsert()` invocation:[39m


[31mCan't reach database server at `masar-db-mahmoudelbanna136-190c.f.aivencloud.com:16649`[39m

[31mPlease make sure your database server is running at `masar-db-mahmoudelbanna136-190c.f.aivencloud.com:16649`.[39m
[31m    at Zn.handleRequestError (/home/moamen/Desktop/Grade-project/masar/node_modules/@prisma/client/runtime/library.js:121:7759)[39m
[31m    at Zn.handleAndLogRequestError (/home/moamen/Desktop/Grade-project/masar/node_modules/@prisma/client/runtime/library.js:121:6784)[39m
[31m    at Zn.request (/home/moamen/Desktop/Grade-project/masar/node_modules/@prisma/client/runtime/library.js:121:6491)[39m
[31m    at async l (/home/moamen/Desktop/Grade-project/masar/node_modules/@prisma/client/runtime/library.js:130:9778)[39m
[31m    at async POST (webpack-internal:///(rsc)/./app/api/profile/route.ts:45:29)[39m
[31m    at async AppRouteRouteModule.do (/home/moamen/Desktop/Grade-project/masar/node_modules/next/dist/compiled/next-server/app-route.runtime.dev.js:26:34112)[39m
[31m    at async AppRouteRouteModule.handle (/home/moamen/Desktop/Grade-project/masar/node_modules/next/dist/compiled/next-server/app-route.runtime.dev.js:26:41338)[39m
[31m    at async doRender (/home/moamen/Desktop/Grade-project/masar/node_modules/next/dist/server/base-server.js:1518:42)[39m
[31m    at async DevServer.renderToResponseWithComponentsImpl (/home/moamen/Desktop/Grade-project/masar/node_modules/next/dist/server/base-server.js:1920:28)[39m
[31m    at async DevServer.renderPageComponent (/home/moamen/Desktop/Grade-project/masar/node_modules/next/dist/server/base-server.js:2408:24)[39m
[31m    at async DevServer.renderToResponseImpl (/home/moamen/Desktop/Grade-project/masar/node_modules/next/dist/server/base-server.js:2445:32)[39m
[31m    at async DevServer.pipeImpl (/home/moamen/Desktop/Grade-project/masar/node_modules/next/dist/server/base-server.js:1008:25)[39m
[31m    at async NextNodeServer.handleCatchallRenderRequest (/home/moamen/Desktop/Grade-project/masar/node_modules/next/dist/server/next-server.js:305:17)[39m
[31m    at async DevServer.handleRequestImpl (/home/moamen/Desktop/Grade-project/masar/node_modules/next/dist/server/base-server.js:900:17)[39m
[31m    at async /home/moamen/Desktop/Grade-project/masar/node_modules/next/dist/server/dev/next-dev-server.js:371:20[39m
[31m    at async Span.traceAsyncFn (/home/moamen/Desktop/Grade-project/masar/node_modules/next/dist/trace/trace.js:157:20)[39m
[31m    at async DevServer.handleRequest (/home/moamen/Desktop/Grade-project/masar/node_modules/next/dist/server/dev/next-dev-server.js:368:24)[39m
[31m    at async invokeRender (/home/moamen/Desktop/Grade-project/masar/node_modules/next/dist/server/lib/router-server.js:237:21)[39m
[31m    at async handleRequest (/home/moamen/Desktop/Grade-project/masar/node_modules/next/dist/server/lib/router-server.js:428:24)[39m
[31m    at async requestHandlerImpl (/home/moamen/Desktop/Grade-project/masar/node_modules/next/dist/server/lib/router-server.js:452:13)[39m
[31m    at async Server.requestListener (/home/moamen/Desktop/Grade-project/masar/node_modules/next/dist/server/lib/start-server.js:158:13)[39m
2025-06-08 21:10:36:1036 [31merror[39m: [31mFailed to save profile[39m
[31mAppError: Failed to save profile[39m
[31m    at createServerError (webpack-internal:///(rsc)/./app/lib/utils/errorHandler.ts:57:12)[39m
[31m    at POST (webpack-internal:///(rsc)/./app/api/profile/route.ts:161:97)[39m
[31m    at async AppRouteRouteModule.do (/home/moamen/Desktop/Grade-project/masar/node_modules/next/dist/compiled/next-server/app-route.runtime.dev.js:26:34112)[39m
[31m    at async AppRouteRouteModule.handle (/home/moamen/Desktop/Grade-project/masar/node_modules/next/dist/compiled/next-server/app-route.runtime.dev.js:26:41338)[39m
[31m    at async doRender (/home/moamen/Desktop/Grade-project/masar/node_modules/next/dist/server/base-server.js:1518:42)[39m
[31m    at async DevServer.renderToResponseWithComponentsImpl (/home/moamen/Desktop/Grade-project/masar/node_modules/next/dist/server/base-server.js:1920:28)[39m
[31m    at async DevServer.renderPageComponent (/home/moamen/Desktop/Grade-project/masar/node_modules/next/dist/server/base-server.js:2408:24)[39m
[31m    at async DevServer.renderToResponseImpl (/home/moamen/Desktop/Grade-project/masar/node_modules/next/dist/server/base-server.js:2445:32)[39m
[31m    at async DevServer.pipeImpl (/home/moamen/Desktop/Grade-project/masar/node_modules/next/dist/server/base-server.js:1008:25)[39m
[31m    at async NextNodeServer.handleCatchallRenderRequest (/home/moamen/Desktop/Grade-project/masar/node_modules/next/dist/server/next-server.js:305:17)[39m
[31m    at async DevServer.handleRequestImpl (/home/moamen/Desktop/Grade-project/masar/node_modules/next/dist/server/base-server.js:900:17)[39m
[31m    at async /home/moamen/Desktop/Grade-project/masar/node_modules/next/dist/server/dev/next-dev-server.js:371:20[39m
[31m    at async Span.traceAsyncFn (/home/moamen/Desktop/Grade-project/masar/node_modules/next/dist/trace/trace.js:157:20)[39m
[31m    at async DevServer.handleRequest (/home/moamen/Desktop/Grade-project/masar/node_modules/next/dist/server/dev/next-dev-server.js:368:24)[39m
[31m    at async invokeRender (/home/moamen/Desktop/Grade-project/masar/node_modules/next/dist/server/lib/router-server.js:237:21)[39m
[31m    at async handleRequest (/home/moamen/Desktop/Grade-project/masar/node_modules/next/dist/server/lib/router-server.js:428:24)[39m
[31m    at async requestHandlerImpl (/home/moamen/Desktop/Grade-project/masar/node_modules/next/dist/server/lib/router-server.js:452:13)[39m
[31m    at async Server.requestListener (/home/moamen/Desktop/Grade-project/masar/node_modules/next/dist/server/lib/start-server.js:158:13)[39m
2025-06-08 21:44:01:441 [32minfo[39m: [32mPrisma Info[39m
2025-06-08 21:44:06:446 [31merror[39m: [31mPrisma Error[39m
[31mError: Prisma Error[39m
[31m    at EventEmitter.eval (webpack-internal:///(rsc)/./app/lib/utils/db.ts:45:55)[39m
[31m    at EventEmitter.emit (node:events:530:35)[39m
[31m    at Zn.handleAndLogRequestError (/home/moamen/Desktop/Grade-project/masar/node_modules/@prisma/client/runtime/library.js:121:6854)[39m
[31m    at Zn.request (/home/moamen/Desktop/Grade-project/masar/node_modules/@prisma/client/runtime/library.js:121:6491)[39m
[31m    at async l (/home/moamen/Desktop/Grade-project/masar/node_modules/@prisma/client/runtime/library.js:130:9778)[39m
[31m    at async POST (webpack-internal:///(rsc)/./app/api/profile/route.ts:45:29)[39m
[31m    at async AppRouteRouteModule.do (/home/moamen/Desktop/Grade-project/masar/node_modules/next/dist/compiled/next-server/app-route.runtime.dev.js:26:34112)[39m
[31m    at async AppRouteRouteModule.handle (/home/moamen/Desktop/Grade-project/masar/node_modules/next/dist/compiled/next-server/app-route.runtime.dev.js:26:41338)[39m
[31m    at async doRender (/home/moamen/Desktop/Grade-project/masar/node_modules/next/dist/server/base-server.js:1518:42)[39m
[31m    at async DevServer.renderToResponseWithComponentsImpl (/home/moamen/Desktop/Grade-project/masar/node_modules/next/dist/server/base-server.js:1920:28)[39m
[31m    at async DevServer.renderPageComponent (/home/moamen/Desktop/Grade-project/masar/node_modules/next/dist/server/base-server.js:2408:24)[39m
[31m    at async DevServer.renderToResponseImpl (/home/moamen/Desktop/Grade-project/masar/node_modules/next/dist/server/base-server.js:2445:32)[39m
[31m    at async DevServer.pipeImpl (/home/moamen/Desktop/Grade-project/masar/node_modules/next/dist/server/base-server.js:1008:25)[39m
[31m    at async NextNodeServer.handleCatchallRenderRequest (/home/moamen/Desktop/Grade-project/masar/node_modules/next/dist/server/next-server.js:305:17)[39m
[31m    at async DevServer.handleRequestImpl (/home/moamen/Desktop/Grade-project/masar/node_modules/next/dist/server/base-server.js:900:17)[39m
[31m    at async /home/moamen/Desktop/Grade-project/masar/node_modules/next/dist/server/dev/next-dev-server.js:371:20[39m
[31m    at async Span.traceAsyncFn (/home/moamen/Desktop/Grade-project/masar/node_modules/next/dist/trace/trace.js:157:20)[39m
[31m    at async DevServer.handleRequest (/home/moamen/Desktop/Grade-project/masar/node_modules/next/dist/server/dev/next-dev-server.js:368:24)[39m
[31m    at async invokeRender (/home/moamen/Desktop/Grade-project/masar/node_modules/next/dist/server/lib/router-server.js:237:21)[39m
[31m    at async handleRequest (/home/moamen/Desktop/Grade-project/masar/node_modules/next/dist/server/lib/router-server.js:428:24)[39m
[31m    at async requestHandlerImpl (/home/moamen/Desktop/Grade-project/masar/node_modules/next/dist/server/lib/router-server.js:452:13)[39m
[31m    at async Server.requestListener (/home/moamen/Desktop/Grade-project/masar/node_modules/next/dist/server/lib/start-server.js:158:13)[39m
2025-06-08 21:44:06:446 [31merror[39m: [31m[39m
[31mInvalid `prisma.user.upsert()` invocation:[39m


[31mCan't reach database server at `masar-db-mahmoudelbanna136-190c.f.aivencloud.com:16649`[39m

[31mPlease make sure your database server is running at `masar-db-mahmoudelbanna136-190c.f.aivencloud.com:16649`.[39m
[31mPrismaClientInitializationError: [39m
[31mInvalid `prisma.user.upsert()` invocation:[39m


[31mCan't reach database server at `masar-db-mahmoudelbanna136-190c.f.aivencloud.com:16649`[39m

[31mPlease make sure your database server is running at `masar-db-mahmoudelbanna136-190c.f.aivencloud.com:16649`.[39m
[31m    at Zn.handleRequestError (/home/moamen/Desktop/Grade-project/masar/node_modules/@prisma/client/runtime/library.js:121:7759)[39m
[31m    at Zn.handleAndLogRequestError (/home/moamen/Desktop/Grade-project/masar/node_modules/@prisma/client/runtime/library.js:121:6784)[39m
[31m    at Zn.request (/home/moamen/Desktop/Grade-project/masar/node_modules/@prisma/client/runtime/library.js:121:6491)[39m
[31m    at async l (/home/moamen/Desktop/Grade-project/masar/node_modules/@prisma/client/runtime/library.js:130:9778)[39m
[31m    at async POST (webpack-internal:///(rsc)/./app/api/profile/route.ts:45:29)[39m
[31m    at async AppRouteRouteModule.do (/home/moamen/Desktop/Grade-project/masar/node_modules/next/dist/compiled/next-server/app-route.runtime.dev.js:26:34112)[39m
[31m    at async AppRouteRouteModule.handle (/home/moamen/Desktop/Grade-project/masar/node_modules/next/dist/compiled/next-server/app-route.runtime.dev.js:26:41338)[39m
[31m    at async doRender (/home/moamen/Desktop/Grade-project/masar/node_modules/next/dist/server/base-server.js:1518:42)[39m
[31m    at async DevServer.renderToResponseWithComponentsImpl (/home/moamen/Desktop/Grade-project/masar/node_modules/next/dist/server/base-server.js:1920:28)[39m
[31m    at async DevServer.renderPageComponent (/home/moamen/Desktop/Grade-project/masar/node_modules/next/dist/server/base-server.js:2408:24)[39m
[31m    at async DevServer.renderToResponseImpl (/home/moamen/Desktop/Grade-project/masar/node_modules/next/dist/server/base-server.js:2445:32)[39m
[31m    at async DevServer.pipeImpl (/home/moamen/Desktop/Grade-project/masar/node_modules/next/dist/server/base-server.js:1008:25)[39m
[31m    at async NextNodeServer.handleCatchallRenderRequest (/home/moamen/Desktop/Grade-project/masar/node_modules/next/dist/server/next-server.js:305:17)[39m
[31m    at async DevServer.handleRequestImpl (/home/moamen/Desktop/Grade-project/masar/node_modules/next/dist/server/base-server.js:900:17)[39m
[31m    at async /home/moamen/Desktop/Grade-project/masar/node_modules/next/dist/server/dev/next-dev-server.js:371:20[39m
[31m    at async Span.traceAsyncFn (/home/moamen/Desktop/Grade-project/masar/node_modules/next/dist/trace/trace.js:157:20)[39m
[31m    at async DevServer.handleRequest (/home/moamen/Desktop/Grade-project/masar/node_modules/next/dist/server/dev/next-dev-server.js:368:24)[39m
[31m    at async invokeRender (/home/moamen/Desktop/Grade-project/masar/node_modules/next/dist/server/lib/router-server.js:237:21)[39m
[31m    at async handleRequest (/home/moamen/Desktop/Grade-project/masar/node_modules/next/dist/server/lib/router-server.js:428:24)[39m
[31m    at async requestHandlerImpl (/home/moamen/Desktop/Grade-project/masar/node_modules/next/dist/server/lib/router-server.js:452:13)[39m
[31m    at async Server.requestListener (/home/moamen/Desktop/Grade-project/masar/node_modules/next/dist/server/lib/start-server.js:158:13)[39m
2025-06-08 21:44:06:446 [31merror[39m: [31mFailed to save profile[39m
[31mAppError: Failed to save profile[39m
[31m    at createServerError (webpack-internal:///(rsc)/./app/lib/utils/errorHandler.ts:57:12)[39m
[31m    at POST (webpack-internal:///(rsc)/./app/api/profile/route.ts:161:97)[39m
[31m    at async AppRouteRouteModule.do (/home/moamen/Desktop/Grade-project/masar/node_modules/next/dist/compiled/next-server/app-route.runtime.dev.js:26:34112)[39m
[31m    at async AppRouteRouteModule.handle (/home/moamen/Desktop/Grade-project/masar/node_modules/next/dist/compiled/next-server/app-route.runtime.dev.js:26:41338)[39m
[31m    at async doRender (/home/moamen/Desktop/Grade-project/masar/node_modules/next/dist/server/base-server.js:1518:42)[39m
[31m    at async DevServer.renderToResponseWithComponentsImpl (/home/moamen/Desktop/Grade-project/masar/node_modules/next/dist/server/base-server.js:1920:28)[39m
[31m    at async DevServer.renderPageComponent (/home/moamen/Desktop/Grade-project/masar/node_modules/next/dist/server/base-server.js:2408:24)[39m
[31m    at async DevServer.renderToResponseImpl (/home/moamen/Desktop/Grade-project/masar/node_modules/next/dist/server/base-server.js:2445:32)[39m
[31m    at async DevServer.pipeImpl (/home/moamen/Desktop/Grade-project/masar/node_modules/next/dist/server/base-server.js:1008:25)[39m
[31m    at async NextNodeServer.handleCatchallRenderRequest (/home/moamen/Desktop/Grade-project/masar/node_modules/next/dist/server/next-server.js:305:17)[39m
[31m    at async DevServer.handleRequestImpl (/home/moamen/Desktop/Grade-project/masar/node_modules/next/dist/server/base-server.js:900:17)[39m
[31m    at async /home/moamen/Desktop/Grade-project/masar/node_modules/next/dist/server/dev/next-dev-server.js:371:20[39m
[31m    at async Span.traceAsyncFn (/home/moamen/Desktop/Grade-project/masar/node_modules/next/dist/trace/trace.js:157:20)[39m
[31m    at async DevServer.handleRequest (/home/moamen/Desktop/Grade-project/masar/node_modules/next/dist/server/dev/next-dev-server.js:368:24)[39m
[31m    at async invokeRender (/home/moamen/Desktop/Grade-project/masar/node_modules/next/dist/server/lib/router-server.js:237:21)[39m
[31m    at async handleRequest (/home/moamen/Desktop/Grade-project/masar/node_modules/next/dist/server/lib/router-server.js:428:24)[39m
[31m    at async requestHandlerImpl (/home/moamen/Desktop/Grade-project/masar/node_modules/next/dist/server/lib/router-server.js:452:13)[39m
[31m    at async Server.requestListener (/home/moamen/Desktop/Grade-project/masar/node_modules/next/dist/server/lib/start-server.js:158:13)[39m
2025-06-08 21:48:18:4818 [32minfo[39m: [32mPrisma Info[39m
2025-06-08 21:48:18:4818 [32minfo[39m: [32mPrisma Info[39m
2025-06-08 21:48:23:4823 [31merror[39m: [31mPrisma Error[39m
[31mError: Prisma Error[39m
[31m    at EventEmitter.eval (webpack-internal:///(rsc)/./app/lib/utils/db.ts:45:55)[39m
[31m    at EventEmitter.emit (node:events:530:35)[39m
[31m    at Zn.handleAndLogRequestError (/home/moamen/Desktop/Grade-project/masar/node_modules/@prisma/client/runtime/library.js:121:6854)[39m
[31m    at Zn.request (/home/moamen/Desktop/Grade-project/masar/node_modules/@prisma/client/runtime/library.js:121:6491)[39m
[31m    at async l (/home/moamen/Desktop/Grade-project/masar/node_modules/@prisma/client/runtime/library.js:130:9778)[39m
[31m    at async POST (webpack-internal:///(rsc)/./app/api/profile/route.ts:45:29)[39m
[31m    at async AppRouteRouteModule.do (/home/moamen/Desktop/Grade-project/masar/node_modules/next/dist/compiled/next-server/app-route.runtime.dev.js:26:34112)[39m
[31m    at async AppRouteRouteModule.handle (/home/moamen/Desktop/Grade-project/masar/node_modules/next/dist/compiled/next-server/app-route.runtime.dev.js:26:41338)[39m
[31m    at async doRender (/home/moamen/Desktop/Grade-project/masar/node_modules/next/dist/server/base-server.js:1518:42)[39m
[31m    at async DevServer.renderToResponseWithComponentsImpl (/home/moamen/Desktop/Grade-project/masar/node_modules/next/dist/server/base-server.js:1920:28)[39m
[31m    at async DevServer.renderPageComponent (/home/moamen/Desktop/Grade-project/masar/node_modules/next/dist/server/base-server.js:2408:24)[39m
[31m    at async DevServer.renderToResponseImpl (/home/moamen/Desktop/Grade-project/masar/node_modules/next/dist/server/base-server.js:2445:32)[39m
[31m    at async DevServer.pipeImpl (/home/moamen/Desktop/Grade-project/masar/node_modules/next/dist/server/base-server.js:1008:25)[39m
[31m    at async NextNodeServer.handleCatchallRenderRequest (/home/moamen/Desktop/Grade-project/masar/node_modules/next/dist/server/next-server.js:305:17)[39m
[31m    at async DevServer.handleRequestImpl (/home/moamen/Desktop/Grade-project/masar/node_modules/next/dist/server/base-server.js:900:17)[39m
[31m    at async /home/moamen/Desktop/Grade-project/masar/node_modules/next/dist/server/dev/next-dev-server.js:371:20[39m
[31m    at async Span.traceAsyncFn (/home/moamen/Desktop/Grade-project/masar/node_modules/next/dist/trace/trace.js:157:20)[39m
[31m    at async DevServer.handleRequest (/home/moamen/Desktop/Grade-project/masar/node_modules/next/dist/server/dev/next-dev-server.js:368:24)[39m
[31m    at async invokeRender (/home/moamen/Desktop/Grade-project/masar/node_modules/next/dist/server/lib/router-server.js:237:21)[39m
[31m    at async handleRequest (/home/moamen/Desktop/Grade-project/masar/node_modules/next/dist/server/lib/router-server.js:428:24)[39m
[31m    at async requestHandlerImpl (/home/moamen/Desktop/Grade-project/masar/node_modules/next/dist/server/lib/router-server.js:452:13)[39m
[31m    at async Server.requestListener (/home/moamen/Desktop/Grade-project/masar/node_modules/next/dist/server/lib/start-server.js:158:13)[39m
2025-06-08 21:48:23:4823 [31merror[39m: [31mPrisma Error[39m
[31mError: Prisma Error[39m
[31m    at EventEmitter.eval (webpack-internal:///(rsc)/./app/lib/utils/db.ts:45:55)[39m
[31m    at EventEmitter.emit (node:events:530:35)[39m
[31m    at Zn.handleAndLogRequestError (/home/moamen/Desktop/Grade-project/masar/node_modules/@prisma/client/runtime/library.js:121:6854)[39m
[31m    at Zn.request (/home/moamen/Desktop/Grade-project/masar/node_modules/@prisma/client/runtime/library.js:121:6491)[39m
[31m    at async l (/home/moamen/Desktop/Grade-project/masar/node_modules/@prisma/client/runtime/library.js:130:9778)[39m
[31m    at async POST (webpack-internal:///(rsc)/./app/api/profile/route.ts:45:29)[39m
[31m    at async AppRouteRouteModule.do (/home/moamen/Desktop/Grade-project/masar/node_modules/next/dist/compiled/next-server/app-route.runtime.dev.js:26:34112)[39m
[31m    at async AppRouteRouteModule.handle (/home/moamen/Desktop/Grade-project/masar/node_modules/next/dist/compiled/next-server/app-route.runtime.dev.js:26:41338)[39m
[31m    at async doRender (/home/moamen/Desktop/Grade-project/masar/node_modules/next/dist/server/base-server.js:1518:42)[39m
[31m    at async DevServer.renderToResponseWithComponentsImpl (/home/moamen/Desktop/Grade-project/masar/node_modules/next/dist/server/base-server.js:1920:28)[39m
[31m    at async DevServer.renderPageComponent (/home/moamen/Desktop/Grade-project/masar/node_modules/next/dist/server/base-server.js:2408:24)[39m
[31m    at async DevServer.renderToResponseImpl (/home/moamen/Desktop/Grade-project/masar/node_modules/next/dist/server/base-server.js:2445:32)[39m
[31m    at async DevServer.pipeImpl (/home/moamen/Desktop/Grade-project/masar/node_modules/next/dist/server/base-server.js:1008:25)[39m
[31m    at async NextNodeServer.handleCatchallRenderRequest (/home/moamen/Desktop/Grade-project/masar/node_modules/next/dist/server/next-server.js:305:17)[39m
[31m    at async DevServer.handleRequestImpl (/home/moamen/Desktop/Grade-project/masar/node_modules/next/dist/server/base-server.js:900:17)[39m
[31m    at async /home/moamen/Desktop/Grade-project/masar/node_modules/next/dist/server/dev/next-dev-server.js:371:20[39m
[31m    at async Span.traceAsyncFn (/home/moamen/Desktop/Grade-project/masar/node_modules/next/dist/trace/trace.js:157:20)[39m
[31m    at async DevServer.handleRequest (/home/moamen/Desktop/Grade-project/masar/node_modules/next/dist/server/dev/next-dev-server.js:368:24)[39m
[31m    at async invokeRender (/home/moamen/Desktop/Grade-project/masar/node_modules/next/dist/server/lib/router-server.js:237:21)[39m
[31m    at async handleRequest (/home/moamen/Desktop/Grade-project/masar/node_modules/next/dist/server/lib/router-server.js:428:24)[39m
[31m    at async requestHandlerImpl (/home/moamen/Desktop/Grade-project/masar/node_modules/next/dist/server/lib/router-server.js:452:13)[39m
[31m    at async Server.requestListener (/home/moamen/Desktop/Grade-project/masar/node_modules/next/dist/server/lib/start-server.js:158:13)[39m
2025-06-08 21:48:23:4823 [31merror[39m: [31m[39m
[31mInvalid `prisma.user.upsert()` invocation:[39m


[31mCan't reach database server at `masar-db-mahmoudelbanna136-190c.f.aivencloud.com:16649`[39m

[31mPlease make sure your database server is running at `masar-db-mahmoudelbanna136-190c.f.aivencloud.com:16649`.[39m
[31mPrismaClientInitializationError: [39m
[31mInvalid `prisma.user.upsert()` invocation:[39m


[31mCan't reach database server at `masar-db-mahmoudelbanna136-190c.f.aivencloud.com:16649`[39m

[31mPlease make sure your database server is running at `masar-db-mahmoudelbanna136-190c.f.aivencloud.com:16649`.[39m
[31m    at Zn.handleRequestError (/home/moamen/Desktop/Grade-project/masar/node_modules/@prisma/client/runtime/library.js:121:7759)[39m
[31m    at Zn.handleAndLogRequestError (/home/moamen/Desktop/Grade-project/masar/node_modules/@prisma/client/runtime/library.js:121:6784)[39m
[31m    at Zn.request (/home/moamen/Desktop/Grade-project/masar/node_modules/@prisma/client/runtime/library.js:121:6491)[39m
[31m    at async l (/home/moamen/Desktop/Grade-project/masar/node_modules/@prisma/client/runtime/library.js:130:9778)[39m
[31m    at async POST (webpack-internal:///(rsc)/./app/api/profile/route.ts:45:29)[39m
[31m    at async AppRouteRouteModule.do (/home/moamen/Desktop/Grade-project/masar/node_modules/next/dist/compiled/next-server/app-route.runtime.dev.js:26:34112)[39m
[31m    at async AppRouteRouteModule.handle (/home/moamen/Desktop/Grade-project/masar/node_modules/next/dist/compiled/next-server/app-route.runtime.dev.js:26:41338)[39m
[31m    at async doRender (/home/moamen/Desktop/Grade-project/masar/node_modules/next/dist/server/base-server.js:1518:42)[39m
[31m    at async DevServer.renderToResponseWithComponentsImpl (/home/moamen/Desktop/Grade-project/masar/node_modules/next/dist/server/base-server.js:1920:28)[39m
[31m    at async DevServer.renderPageComponent (/home/moamen/Desktop/Grade-project/masar/node_modules/next/dist/server/base-server.js:2408:24)[39m
[31m    at async DevServer.renderToResponseImpl (/home/moamen/Desktop/Grade-project/masar/node_modules/next/dist/server/base-server.js:2445:32)[39m
[31m    at async DevServer.pipeImpl (/home/moamen/Desktop/Grade-project/masar/node_modules/next/dist/server/base-server.js:1008:25)[39m
[31m    at async NextNodeServer.handleCatchallRenderRequest (/home/moamen/Desktop/Grade-project/masar/node_modules/next/dist/server/next-server.js:305:17)[39m
[31m    at async DevServer.handleRequestImpl (/home/moamen/Desktop/Grade-project/masar/node_modules/next/dist/server/base-server.js:900:17)[39m
[31m    at async /home/moamen/Desktop/Grade-project/masar/node_modules/next/dist/server/dev/next-dev-server.js:371:20[39m
[31m    at async Span.traceAsyncFn (/home/moamen/Desktop/Grade-project/masar/node_modules/next/dist/trace/trace.js:157:20)[39m
[31m    at async DevServer.handleRequest (/home/moamen/Desktop/Grade-project/masar/node_modules/next/dist/server/dev/next-dev-server.js:368:24)[39m
[31m    at async invokeRender (/home/moamen/Desktop/Grade-project/masar/node_modules/next/dist/server/lib/router-server.js:237:21)[39m
[31m    at async handleRequest (/home/moamen/Desktop/Grade-project/masar/node_modules/next/dist/server/lib/router-server.js:428:24)[39m
[31m    at async requestHandlerImpl (/home/moamen/Desktop/Grade-project/masar/node_modules/next/dist/server/lib/router-server.js:452:13)[39m
[31m    at async Server.requestListener (/home/moamen/Desktop/Grade-project/masar/node_modules/next/dist/server/lib/start-server.js:158:13)[39m
2025-06-08 21:48:23:4823 [31merror[39m: [31mFailed to save profile[39m
[31mAppError: Failed to save profile[39m
[31m    at createServerError (webpack-internal:///(rsc)/./app/lib/utils/errorHandler.ts:57:12)[39m
[31m    at POST (webpack-internal:///(rsc)/./app/api/profile/route.ts:161:97)[39m
[31m    at async AppRouteRouteModule.do (/home/moamen/Desktop/Grade-project/masar/node_modules/next/dist/compiled/next-server/app-route.runtime.dev.js:26:34112)[39m
[31m    at async AppRouteRouteModule.handle (/home/moamen/Desktop/Grade-project/masar/node_modules/next/dist/compiled/next-server/app-route.runtime.dev.js:26:41338)[39m
[31m    at async doRender (/home/moamen/Desktop/Grade-project/masar/node_modules/next/dist/server/base-server.js:1518:42)[39m
[31m    at async DevServer.renderToResponseWithComponentsImpl (/home/moamen/Desktop/Grade-project/masar/node_modules/next/dist/server/base-server.js:1920:28)[39m
[31m    at async DevServer.renderPageComponent (/home/moamen/Desktop/Grade-project/masar/node_modules/next/dist/server/base-server.js:2408:24)[39m
[31m    at async DevServer.renderToResponseImpl (/home/moamen/Desktop/Grade-project/masar/node_modules/next/dist/server/base-server.js:2445:32)[39m
[31m    at async DevServer.pipeImpl (/home/moamen/Desktop/Grade-project/masar/node_modules/next/dist/server/base-server.js:1008:25)[39m
[31m    at async NextNodeServer.handleCatchallRenderRequest (/home/moamen/Desktop/Grade-project/masar/node_modules/next/dist/server/next-server.js:305:17)[39m
[31m    at async DevServer.handleRequestImpl (/home/moamen/Desktop/Grade-project/masar/node_modules/next/dist/server/base-server.js:900:17)[39m
[31m    at async /home/moamen/Desktop/Grade-project/masar/node_modules/next/dist/server/dev/next-dev-server.js:371:20[39m
[31m    at async Span.traceAsyncFn (/home/moamen/Desktop/Grade-project/masar/node_modules/next/dist/trace/trace.js:157:20)[39m
[31m    at async DevServer.handleRequest (/home/moamen/Desktop/Grade-project/masar/node_modules/next/dist/server/dev/next-dev-server.js:368:24)[39m
[31m    at async invokeRender (/home/moamen/Desktop/Grade-project/masar/node_modules/next/dist/server/lib/router-server.js:237:21)[39m
[31m    at async handleRequest (/home/moamen/Desktop/Grade-project/masar/node_modules/next/dist/server/lib/router-server.js:428:24)[39m
[31m    at async requestHandlerImpl (/home/moamen/Desktop/Grade-project/masar/node_modules/next/dist/server/lib/router-server.js:452:13)[39m
[31m    at async Server.requestListener (/home/moamen/Desktop/Grade-project/masar/node_modules/next/dist/server/lib/start-server.js:158:13)[39m
2025-06-08 21:50:21:5021 [32minfo[39m: [32mPrisma Info[39m
2025-06-08 21:50:26:5026 [31merror[39m: [31mPrisma Error[39m
[31mError: Prisma Error[39m
[31m    at EventEmitter.eval (webpack-internal:///(rsc)/./app/lib/utils/db.ts:45:55)[39m
[31m    at EventEmitter.emit (node:events:530:35)[39m
[31m    at Zn.handleAndLogRequestError (/home/moamen/Desktop/Grade-project/masar/node_modules/@prisma/client/runtime/library.js:121:6854)[39m
[31m    at Zn.request (/home/moamen/Desktop/Grade-project/masar/node_modules/@prisma/client/runtime/library.js:121:6491)[39m
[31m    at async l (/home/moamen/Desktop/Grade-project/masar/node_modules/@prisma/client/runtime/library.js:130:9778)[39m
[31m    at async POST (webpack-internal:///(rsc)/./app/api/profile/route.ts:45:29)[39m
[31m    at async AppRouteRouteModule.do (/home/moamen/Desktop/Grade-project/masar/node_modules/next/dist/compiled/next-server/app-route.runtime.dev.js:26:34112)[39m
[31m    at async AppRouteRouteModule.handle (/home/moamen/Desktop/Grade-project/masar/node_modules/next/dist/compiled/next-server/app-route.runtime.dev.js:26:41338)[39m
[31m    at async doRender (/home/moamen/Desktop/Grade-project/masar/node_modules/next/dist/server/base-server.js:1518:42)[39m
[31m    at async DevServer.renderToResponseWithComponentsImpl (/home/moamen/Desktop/Grade-project/masar/node_modules/next/dist/server/base-server.js:1920:28)[39m
[31m    at async DevServer.renderPageComponent (/home/moamen/Desktop/Grade-project/masar/node_modules/next/dist/server/base-server.js:2408:24)[39m
[31m    at async DevServer.renderToResponseImpl (/home/moamen/Desktop/Grade-project/masar/node_modules/next/dist/server/base-server.js:2445:32)[39m
[31m    at async DevServer.pipeImpl (/home/moamen/Desktop/Grade-project/masar/node_modules/next/dist/server/base-server.js:1008:25)[39m
[31m    at async NextNodeServer.handleCatchallRenderRequest (/home/moamen/Desktop/Grade-project/masar/node_modules/next/dist/server/next-server.js:305:17)[39m
[31m    at async DevServer.handleRequestImpl (/home/moamen/Desktop/Grade-project/masar/node_modules/next/dist/server/base-server.js:900:17)[39m
[31m    at async /home/moamen/Desktop/Grade-project/masar/node_modules/next/dist/server/dev/next-dev-server.js:371:20[39m
[31m    at async Span.traceAsyncFn (/home/moamen/Desktop/Grade-project/masar/node_modules/next/dist/trace/trace.js:157:20)[39m
[31m    at async DevServer.handleRequest (/home/moamen/Desktop/Grade-project/masar/node_modules/next/dist/server/dev/next-dev-server.js:368:24)[39m
[31m    at async invokeRender (/home/moamen/Desktop/Grade-project/masar/node_modules/next/dist/server/lib/router-server.js:237:21)[39m
[31m    at async handleRequest (/home/moamen/Desktop/Grade-project/masar/node_modules/next/dist/server/lib/router-server.js:428:24)[39m
[31m    at async requestHandlerImpl (/home/moamen/Desktop/Grade-project/masar/node_modules/next/dist/server/lib/router-server.js:452:13)[39m
[31m    at async Server.requestListener (/home/moamen/Desktop/Grade-project/masar/node_modules/next/dist/server/lib/start-server.js:158:13)[39m
2025-06-08 21:50:26:5026 [31merror[39m: [31m[39m
[31mInvalid `prisma.user.upsert()` invocation:[39m


[31mCan't reach database server at `masar-db-mahmoudelbanna136-190c.f.aivencloud.com:16649`[39m

[31mPlease make sure your database server is running at `masar-db-mahmoudelbanna136-190c.f.aivencloud.com:16649`.[39m
[31mPrismaClientInitializationError: [39m
[31mInvalid `prisma.user.upsert()` invocation:[39m


[31mCan't reach database server at `masar-db-mahmoudelbanna136-190c.f.aivencloud.com:16649`[39m

[31mPlease make sure your database server is running at `masar-db-mahmoudelbanna136-190c.f.aivencloud.com:16649`.[39m
[31m    at Zn.handleRequestError (/home/moamen/Desktop/Grade-project/masar/node_modules/@prisma/client/runtime/library.js:121:7759)[39m
[31m    at Zn.handleAndLogRequestError (/home/moamen/Desktop/Grade-project/masar/node_modules/@prisma/client/runtime/library.js:121:6784)[39m
[31m    at Zn.request (/home/moamen/Desktop/Grade-project/masar/node_modules/@prisma/client/runtime/library.js:121:6491)[39m
[31m    at async l (/home/moamen/Desktop/Grade-project/masar/node_modules/@prisma/client/runtime/library.js:130:9778)[39m
[31m    at async POST (webpack-internal:///(rsc)/./app/api/profile/route.ts:45:29)[39m
[31m    at async AppRouteRouteModule.do (/home/moamen/Desktop/Grade-project/masar/node_modules/next/dist/compiled/next-server/app-route.runtime.dev.js:26:34112)[39m
[31m    at async AppRouteRouteModule.handle (/home/moamen/Desktop/Grade-project/masar/node_modules/next/dist/compiled/next-server/app-route.runtime.dev.js:26:41338)[39m
[31m    at async doRender (/home/moamen/Desktop/Grade-project/masar/node_modules/next/dist/server/base-server.js:1518:42)[39m
[31m    at async DevServer.renderToResponseWithComponentsImpl (/home/moamen/Desktop/Grade-project/masar/node_modules/next/dist/server/base-server.js:1920:28)[39m
[31m    at async DevServer.renderPageComponent (/home/moamen/Desktop/Grade-project/masar/node_modules/next/dist/server/base-server.js:2408:24)[39m
[31m    at async DevServer.renderToResponseImpl (/home/moamen/Desktop/Grade-project/masar/node_modules/next/dist/server/base-server.js:2445:32)[39m
[31m    at async DevServer.pipeImpl (/home/moamen/Desktop/Grade-project/masar/node_modules/next/dist/server/base-server.js:1008:25)[39m
[31m    at async NextNodeServer.handleCatchallRenderRequest (/home/moamen/Desktop/Grade-project/masar/node_modules/next/dist/server/next-server.js:305:17)[39m
[31m    at async DevServer.handleRequestImpl (/home/moamen/Desktop/Grade-project/masar/node_modules/next/dist/server/base-server.js:900:17)[39m
[31m    at async /home/moamen/Desktop/Grade-project/masar/node_modules/next/dist/server/dev/next-dev-server.js:371:20[39m
[31m    at async Span.traceAsyncFn (/home/moamen/Desktop/Grade-project/masar/node_modules/next/dist/trace/trace.js:157:20)[39m
[31m    at async DevServer.handleRequest (/home/moamen/Desktop/Grade-project/masar/node_modules/next/dist/server/dev/next-dev-server.js:368:24)[39m
[31m    at async invokeRender (/home/moamen/Desktop/Grade-project/masar/node_modules/next/dist/server/lib/router-server.js:237:21)[39m
[31m    at async handleRequest (/home/moamen/Desktop/Grade-project/masar/node_modules/next/dist/server/lib/router-server.js:428:24)[39m
[31m    at async requestHandlerImpl (/home/moamen/Desktop/Grade-project/masar/node_modules/next/dist/server/lib/router-server.js:452:13)[39m
[31m    at async Server.requestListener (/home/moamen/Desktop/Grade-project/masar/node_modules/next/dist/server/lib/start-server.js:158:13)[39m
2025-06-08 21:50:26:5026 [31merror[39m: [31mFailed to save profile[39m
[31mAppError: Failed to save profile[39m
[31m    at createServerError (webpack-internal:///(rsc)/./app/lib/utils/errorHandler.ts:57:12)[39m
[31m    at POST (webpack-internal:///(rsc)/./app/api/profile/route.ts:161:97)[39m
[31m    at async AppRouteRouteModule.do (/home/moamen/Desktop/Grade-project/masar/node_modules/next/dist/compiled/next-server/app-route.runtime.dev.js:26:34112)[39m
[31m    at async AppRouteRouteModule.handle (/home/moamen/Desktop/Grade-project/masar/node_modules/next/dist/compiled/next-server/app-route.runtime.dev.js:26:41338)[39m
[31m    at async doRender (/home/moamen/Desktop/Grade-project/masar/node_modules/next/dist/server/base-server.js:1518:42)[39m
[31m    at async DevServer.renderToResponseWithComponentsImpl (/home/moamen/Desktop/Grade-project/masar/node_modules/next/dist/server/base-server.js:1920:28)[39m
[31m    at async DevServer.renderPageComponent (/home/moamen/Desktop/Grade-project/masar/node_modules/next/dist/server/base-server.js:2408:24)[39m
[31m    at async DevServer.renderToResponseImpl (/home/moamen/Desktop/Grade-project/masar/node_modules/next/dist/server/base-server.js:2445:32)[39m
[31m    at async DevServer.pipeImpl (/home/moamen/Desktop/Grade-project/masar/node_modules/next/dist/server/base-server.js:1008:25)[39m
[31m    at async NextNodeServer.handleCatchallRenderRequest (/home/moamen/Desktop/Grade-project/masar/node_modules/next/dist/server/next-server.js:305:17)[39m
[31m    at async DevServer.handleRequestImpl (/home/moamen/Desktop/Grade-project/masar/node_modules/next/dist/server/base-server.js:900:17)[39m
[31m    at async /home/moamen/Desktop/Grade-project/masar/node_modules/next/dist/server/dev/next-dev-server.js:371:20[39m
[31m    at async Span.traceAsyncFn (/home/moamen/Desktop/Grade-project/masar/node_modules/next/dist/trace/trace.js:157:20)[39m
[31m    at async DevServer.handleRequest (/home/moamen/Desktop/Grade-project/masar/node_modules/next/dist/server/dev/next-dev-server.js:368:24)[39m
[31m    at async invokeRender (/home/moamen/Desktop/Grade-project/masar/node_modules/next/dist/server/lib/router-server.js:237:21)[39m
[31m    at async handleRequest (/home/moamen/Desktop/Grade-project/masar/node_modules/next/dist/server/lib/router-server.js:428:24)[39m
[31m    at async requestHandlerImpl (/home/moamen/Desktop/Grade-project/masar/node_modules/next/dist/server/lib/router-server.js:452:13)[39m
[31m    at async Server.requestListener (/home/moamen/Desktop/Grade-project/masar/node_modules/next/dist/server/lib/start-server.js:158:13)[39m
2025-06-08 22:09:36:936 [32minfo[39m: [32mPrisma Info[39m
2025-06-08 22:09:41:941 [31merror[39m: [31mCan't reach database server at `masar-db-mahmoudelbanna136-190c.f.aivencloud.com:16649`[39m

[31mPlease make sure your database server is running at `masar-db-mahmoudelbanna136-190c.f.aivencloud.com:16649`.[39m
[31mPrismaClientInitializationError: Can't reach database server at `masar-db-mahmoudelbanna136-190c.f.aivencloud.com:16649`[39m

[31mPlease make sure your database server is running at `masar-db-mahmoudelbanna136-190c.f.aivencloud.com:16649`.[39m
[31m    at r (/home/moamen/Desktop/Grade-project/masar/node_modules/@prisma/client/runtime/library.js:112:2565)[39m
2025-06-08 22:09:41:941 [31merror[39m: [31mCan't reach database server at `masar-db-mahmoudelbanna136-190c.f.aivencloud.com:16649`[39m

[31mPlease make sure your database server is running at `masar-db-mahmoudelbanna136-190c.f.aivencloud.com:16649`.[39m
[31mPrismaClientInitializationError: Can't reach database server at `masar-db-mahmoudelbanna136-190c.f.aivencloud.com:16649`[39m

[31mPlease make sure your database server is running at `masar-db-mahmoudelbanna136-190c.f.aivencloud.com:16649`.[39m
[31m    at r (/home/moamen/Desktop/Grade-project/masar/node_modules/@prisma/client/runtime/library.js:112:2565)[39m
2025-06-08 22:14:50:1450 [32minfo[39m: [32mPrisma Info[39m
2025-06-08 22:14:55:1455 [31merror[39m: [31mCan't reach database server at `masar-db-mahmoudelbanna136-190c.f.aivencloud.com:16649`[39m

[31mPlease make sure your database server is running at `masar-db-mahmoudelbanna136-190c.f.aivencloud.com:16649`.[39m
[31mPrismaClientInitializationError: Can't reach database server at `masar-db-mahmoudelbanna136-190c.f.aivencloud.com:16649`[39m

[31mPlease make sure your database server is running at `masar-db-mahmoudelbanna136-190c.f.aivencloud.com:16649`.[39m
[31m    at r (/home/moamen/Desktop/Grade-project/masar/node_modules/@prisma/client/runtime/library.js:112:2565)[39m
2025-06-08 22:14:55:1455 [31merror[39m: [31mCan't reach database server at `masar-db-mahmoudelbanna136-190c.f.aivencloud.com:16649`[39m

[31mPlease make sure your database server is running at `masar-db-mahmoudelbanna136-190c.f.aivencloud.com:16649`.[39m
[31mPrismaClientInitializationError: Can't reach database server at `masar-db-mahmoudelbanna136-190c.f.aivencloud.com:16649`[39m

[31mPlease make sure your database server is running at `masar-db-mahmoudelbanna136-190c.f.aivencloud.com:16649`.[39m
[31m    at r (/home/moamen/Desktop/Grade-project/masar/node_modules/@prisma/client/runtime/library.js:112:2565)[39m
2025-06-08 22:23:57:2357 [32minfo[39m: [32mPrisma Info[39m
2025-06-08 22:24:02:242 [31merror[39m: [31mCan't reach database server at `masar-db-mahmoudelbanna136-190c.f.aivencloud.com:16649`[39m

[31mPlease make sure your database server is running at `masar-db-mahmoudelbanna136-190c.f.aivencloud.com:16649`.[39m
[31mPrismaClientInitializationError: Can't reach database server at `masar-db-mahmoudelbanna136-190c.f.aivencloud.com:16649`[39m

[31mPlease make sure your database server is running at `masar-db-mahmoudelbanna136-190c.f.aivencloud.com:16649`.[39m
[31m    at r (/home/moamen/Desktop/Grade-project/masar/node_modules/@prisma/client/runtime/library.js:112:2565)[39m
[31m    at async POST (webpack-internal:///(rsc)/./app/api/profile/route.ts:48:13)[39m
[31m    at async AppRouteRouteModule.do (/home/moamen/Desktop/Grade-project/masar/node_modules/next/dist/compiled/next-server/app-route.runtime.dev.js:26:34112)[39m
[31m    at async AppRouteRouteModule.handle (/home/moamen/Desktop/Grade-project/masar/node_modules/next/dist/compiled/next-server/app-route.runtime.dev.js:26:41338)[39m
[31m    at async doRender (/home/moamen/Desktop/Grade-project/masar/node_modules/next/dist/server/base-server.js:1518:42)[39m
[31m    at async DevServer.renderToResponseWithComponentsImpl (/home/moamen/Desktop/Grade-project/masar/node_modules/next/dist/server/base-server.js:1920:28)[39m
[31m    at async DevServer.renderPageComponent (/home/moamen/Desktop/Grade-project/masar/node_modules/next/dist/server/base-server.js:2408:24)[39m
[31m    at async DevServer.renderToResponseImpl (/home/moamen/Desktop/Grade-project/masar/node_modules/next/dist/server/base-server.js:2445:32)[39m
[31m    at async DevServer.pipeImpl (/home/moamen/Desktop/Grade-project/masar/node_modules/next/dist/server/base-server.js:1008:25)[39m
[31m    at async NextNodeServer.handleCatchallRenderRequest (/home/moamen/Desktop/Grade-project/masar/node_modules/next/dist/server/next-server.js:305:17)[39m
[31m    at async DevServer.handleRequestImpl (/home/moamen/Desktop/Grade-project/masar/node_modules/next/dist/server/base-server.js:900:17)[39m
[31m    at async /home/moamen/Desktop/Grade-project/masar/node_modules/next/dist/server/dev/next-dev-server.js:371:20[39m
[31m    at async Span.traceAsyncFn (/home/moamen/Desktop/Grade-project/masar/node_modules/next/dist/trace/trace.js:157:20)[39m
[31m    at async DevServer.handleRequest (/home/moamen/Desktop/Grade-project/masar/node_modules/next/dist/server/dev/next-dev-server.js:368:24)[39m
[31m    at async invokeRender (/home/moamen/Desktop/Grade-project/masar/node_modules/next/dist/server/lib/router-server.js:237:21)[39m
[31m    at async handleRequest (/home/moamen/Desktop/Grade-project/masar/node_modules/next/dist/server/lib/router-server.js:428:24)[39m
[31m    at async requestHandlerImpl (/home/moamen/Desktop/Grade-project/masar/node_modules/next/dist/server/lib/router-server.js:452:13)[39m
[31m    at async Server.requestListener (/home/moamen/Desktop/Grade-project/masar/node_modules/next/dist/server/lib/start-server.js:158:13)[39m
2025-06-08 22:24:14:2414 [32minfo[39m: [32mPrisma Info[39m
2025-06-08 22:24:19:2419 [31merror[39m: [31mCan't reach database server at `masar-db-mahmoudelbanna136-190c.f.aivencloud.com:16649`[39m

[31mPlease make sure your database server is running at `masar-db-mahmoudelbanna136-190c.f.aivencloud.com:16649`.[39m
[31mPrismaClientInitializationError: Can't reach database server at `masar-db-mahmoudelbanna136-190c.f.aivencloud.com:16649`[39m

[31mPlease make sure your database server is running at `masar-db-mahmoudelbanna136-190c.f.aivencloud.com:16649`.[39m
[31m    at r (/home/moamen/Desktop/Grade-project/masar/node_modules/@prisma/client/runtime/library.js:112:2565)[39m
[31m    at async POST (webpack-internal:///(rsc)/./app/api/profile/route.ts:48:13)[39m
[31m    at async AppRouteRouteModule.do (/home/moamen/Desktop/Grade-project/masar/node_modules/next/dist/compiled/next-server/app-route.runtime.dev.js:26:34112)[39m
[31m    at async AppRouteRouteModule.handle (/home/moamen/Desktop/Grade-project/masar/node_modules/next/dist/compiled/next-server/app-route.runtime.dev.js:26:41338)[39m
[31m    at async doRender (/home/moamen/Desktop/Grade-project/masar/node_modules/next/dist/server/base-server.js:1518:42)[39m
[31m    at async DevServer.renderToResponseWithComponentsImpl (/home/moamen/Desktop/Grade-project/masar/node_modules/next/dist/server/base-server.js:1920:28)[39m
[31m    at async DevServer.renderPageComponent (/home/moamen/Desktop/Grade-project/masar/node_modules/next/dist/server/base-server.js:2408:24)[39m
[31m    at async DevServer.renderToResponseImpl (/home/moamen/Desktop/Grade-project/masar/node_modules/next/dist/server/base-server.js:2445:32)[39m
[31m    at async DevServer.pipeImpl (/home/moamen/Desktop/Grade-project/masar/node_modules/next/dist/server/base-server.js:1008:25)[39m
[31m    at async NextNodeServer.handleCatchallRenderRequest (/home/moamen/Desktop/Grade-project/masar/node_modules/next/dist/server/next-server.js:305:17)[39m
[31m    at async DevServer.handleRequestImpl (/home/moamen/Desktop/Grade-project/masar/node_modules/next/dist/server/base-server.js:900:17)[39m
[31m    at async /home/moamen/Desktop/Grade-project/masar/node_modules/next/dist/server/dev/next-dev-server.js:371:20[39m
[31m    at async Span.traceAsyncFn (/home/moamen/Desktop/Grade-project/masar/node_modules/next/dist/trace/trace.js:157:20)[39m
[31m    at async DevServer.handleRequest (/home/moamen/Desktop/Grade-project/masar/node_modules/next/dist/server/dev/next-dev-server.js:368:24)[39m
[31m    at async invokeRender (/home/moamen/Desktop/Grade-project/masar/node_modules/next/dist/server/lib/router-server.js:237:21)[39m
[31m    at async handleRequest (/home/moamen/Desktop/Grade-project/masar/node_modules/next/dist/server/lib/router-server.js:428:24)[39m
[31m    at async requestHandlerImpl (/home/moamen/Desktop/Grade-project/masar/node_modules/next/dist/server/lib/router-server.js:452:13)[39m
[31m    at async Server.requestListener (/home/moamen/Desktop/Grade-project/masar/node_modules/next/dist/server/lib/start-server.js:158:13)[39m
2025-06-08 22:30:55:3055 [32minfo[39m: [32mPrisma Info[39m
2025-06-08 22:30:55:3055 [32minfo[39m: [32mPrisma Info[39m
2025-06-08 22:30:57:3057 [32minfo[39m: [32mDatabase connection successful[39m
2025-06-08 22:30:57:3057 [32minfo[39m: [32mPrisma Query[39m
2025-06-08 22:30:57:3057 [32minfo[39m: [32mPrisma Query[39m
2025-06-08 22:30:58:3058 [32minfo[39m: [32mPrisma Query[39m
2025-06-08 22:30:58:3058 [32minfo[39m: [32mPrisma Query[39m
2025-06-08 22:30:58:3058 [32minfo[39m: [32mPrisma Query[39m
2025-06-08 22:30:58:3058 [32minfo[39m: [32mPrisma Query[39m
2025-06-08 22:30:59:3059 [32minfo[39m: [32mPrisma Query[39m
2025-06-08 22:30:59:3059 [32minfo[39m: [32mPrisma Query[39m
2025-06-08 22:30:59:3059 [32minfo[39m: [32mPrisma Query[39m
2025-06-08 22:30:59:3059 [32minfo[39m: [32mPrisma Query[39m
2025-06-08 22:31:00:310 [32minfo[39m: [32mPrisma Query[39m
2025-06-08 22:31:00:310 [32minfo[39m: [32mPrisma Query[39m
2025-06-08 22:31:00:310 [32minfo[39m: [32mPrisma Query[39m
2025-06-08 22:31:00:310 [32minfo[39m: [32mPrisma Query[39m
2025-06-08 22:31:01:311 [32minfo[39m: [32mPrisma Query[39m
2025-06-08 22:31:01:311 [32minfo[39m: [32mPrisma Query[39m
2025-06-08 22:31:01:311 [32minfo[39m: [32mPrisma Query[39m
2025-06-08 22:31:01:311 [32minfo[39m: [32mPrisma Query[39m
2025-06-08 22:31:02:312 [32minfo[39m: [32mPrisma Query[39m
2025-06-08 22:31:02:312 [32minfo[39m: [32mPrisma Query[39m
2025-06-08 22:31:03:313 [32minfo[39m: [32mPrisma Query[39m
2025-06-08 22:31:03:313 [32minfo[39m: [32mPrisma Query[39m
2025-06-08 22:31:03:313 [32minfo[39m: [32mPrisma Query[39m
2025-06-08 22:31:03:313 [32minfo[39m: [32mPrisma Query[39m
2025-06-08 22:31:04:314 [32minfo[39m: [32mPrisma Query[39m
2025-06-08 22:31:04:314 [32minfo[39m: [32mPrisma Query[39m
2025-06-08 22:31:05:315 [32minfo[39m: [32mPrisma Query[39m
2025-06-08 22:31:05:315 [32minfo[39m: [32mPrisma Query[39m
2025-06-08 22:31:05:315 [32minfo[39m: [32mPrisma Query[39m
2025-06-08 22:31:05:315 [32minfo[39m: [32mPrisma Query[39m
2025-06-08 22:31:06:316 [32minfo[39m: [32mPrisma Query[39m
2025-06-08 22:31:06:316 [32minfo[39m: [32mPrisma Query[39m
2025-06-08 22:31:06:316 [32minfo[39m: [32mPrisma Query[39m
2025-06-08 22:31:06:316 [32minfo[39m: [32mPrisma Query[39m
2025-06-08 22:31:07:317 [32minfo[39m: [32mPrisma Query[39m
2025-06-08 22:31:07:317 [32minfo[39m: [32mPrisma Query[39m
2025-06-08 22:31:07:317 [32minfo[39m: [32mPrisma Query[39m
2025-06-08 22:31:07:317 [32minfo[39m: [32mPrisma Query[39m
2025-06-08 22:31:07:317 [32minfo[39m: [32mPrisma Query[39m
2025-06-08 22:31:07:317 [32minfo[39m: [32mPrisma Query[39m
2025-06-08 22:31:07:317 [32minfo[39m: [32mProfile saved successfully[39m
2025-06-08 22:31:12:3112 [32minfo[39m: [32mPrisma Info[39m
2025-06-08 22:31:12:3112 [32minfo[39m: [32mPrisma Info[39m
2025-06-08 22:31:12:3112 [32minfo[39m: [32mPrisma Info[39m
2025-06-08 22:31:14:3114 [32minfo[39m: [32mDatabase connection successful[39m
2025-06-08 22:31:14:3114 [32minfo[39m: [32mPrisma Query[39m
2025-06-08 22:31:14:3114 [32minfo[39m: [32mPrisma Query[39m
2025-06-08 22:31:14:3114 [32minfo[39m: [32mPrisma Query[39m
2025-06-08 22:31:15:3115 [32minfo[39m: [32mPrisma Query[39m
2025-06-08 22:31:15:3115 [32minfo[39m: [32mPrisma Query[39m
2025-06-08 22:31:15:3115 [32minfo[39m: [32mPrisma Query[39m
2025-06-08 22:31:15:3115 [32minfo[39m: [32mPrisma Query[39m
2025-06-08 22:31:15:3115 [32minfo[39m: [32mPrisma Query[39m
2025-06-08 22:31:15:3115 [32minfo[39m: [32mPrisma Query[39m
2025-06-08 22:31:16:3116 [32minfo[39m: [32mPrisma Query[39m
2025-06-08 22:31:16:3116 [32minfo[39m: [32mPrisma Query[39m
2025-06-08 22:31:16:3116 [32minfo[39m: [32mPrisma Query[39m
2025-06-08 22:31:17:3117 [32minfo[39m: [32mPrisma Query[39m
2025-06-08 22:31:17:3117 [32minfo[39m: [32mPrisma Query[39m
2025-06-08 22:31:17:3117 [32minfo[39m: [32mPrisma Query[39m
2025-06-08 22:33:26:3326 [32minfo[39m: [32mDatabase connection successful[39m
2025-06-08 22:33:26:3326 [32minfo[39m: [32mPrisma Query[39m
2025-06-08 22:33:26:3326 [32minfo[39m: [32mPrisma Query[39m
2025-06-08 22:33:26:3326 [32minfo[39m: [32mPrisma Query[39m
2025-06-08 22:33:26:3326 [32minfo[39m: [32mPrisma Query[39m
2025-06-08 22:33:29:3329 [32minfo[39m: [32mPrisma Query[39m
2025-06-08 22:33:29:3329 [32minfo[39m: [32mPrisma Query[39m
2025-06-08 22:33:29:3329 [32minfo[39m: [32mPrisma Query[39m
2025-06-08 22:33:29:3329 [32minfo[39m: [32mPrisma Query[39m
2025-06-08 22:33:31:3331 [32minfo[39m: [32mPrisma Query[39m
2025-06-08 22:33:31:3331 [32minfo[39m: [32mPrisma Query[39m
2025-06-08 22:33:31:3331 [32minfo[39m: [32mPrisma Query[39m
2025-06-08 22:33:31:3331 [32minfo[39m: [32mPrisma Query[39m
2025-06-08 22:33:32:3332 [32minfo[39m: [32mPrisma Query[39m
2025-06-08 22:33:32:3332 [32minfo[39m: [32mPrisma Query[39m
2025-06-08 22:33:32:3332 [32minfo[39m: [32mPrisma Query[39m
2025-06-08 22:33:32:3332 [32minfo[39m: [32mPrisma Query[39m
2025-06-08 22:33:32:3332 [32minfo[39m: [32mPrisma Query[39m
2025-06-08 22:33:32:3332 [32minfo[39m: [32mPrisma Query[39m
2025-06-08 22:33:32:3332 [32minfo[39m: [32mPrisma Query[39m
2025-06-08 22:33:32:3332 [32minfo[39m: [32mPrisma Query[39m
2025-06-08 22:33:32:3332 [32minfo[39m: [32mPrisma Query[39m
2025-06-08 22:33:32:3332 [32minfo[39m: [32mPrisma Query[39m
2025-06-08 22:33:32:3332 [32minfo[39m: [32mPrisma Query[39m
2025-06-08 22:33:32:3332 [32minfo[39m: [32mPrisma Query[39m
