2025-06-09 00:30:51:3051 [31merror[39m: [31mProfile creation failed[39m
2025-06-09 00:30:51:3051 [31merror[39m: [31mServer error dompurify__WEBPACK_IMPORTED_MODULE_1__.default.sanitize is not a function[39m
2025-06-09 00:33:53:3353 [31merror[39m: [31mProfile creation failed[39m
2025-06-09 00:33:53:3353 [31merror[39m: [31mServer error dompurify__WEBPACK_IMPORTED_MODULE_1__.default.sanitize is not a function[39m
2025-06-09 00:38:14:3814 [31merror[39m: [31mServer error CSRF token missing[39m
2025-06-09 00:40:15:4015 [31merror[39m: [31mProfile creation failed[39m
2025-06-09 00:40:15:4015 [31merror[39m: [31mServer error dompurify__WEBPACK_IMPORTED_MODULE_1__.default.sanitize is not a function[39m
2025-06-09 01:40:08:408 [31merror[39m: [31mServer error CSRF token missing[39m
2025-06-09 07:11:59:1159 [31merror[39m: [31mProfile creation failed[39m
2025-06-09 07:11:59:1159 [31merror[39m: [31mServer error dompurify__WEBPACK_IMPORTED_MODULE_1__.default.sanitize is not a function[39m
2025-06-09 07:17:19:1719 [31merror[39m: [31mProfile creation failed[39m
2025-06-09 07:17:19:1719 [31merror[39m: [31mServer error dompurify__WEBPACK_IMPORTED_MODULE_1__.default.sanitize is not a function[39m
2025-06-09 07:17:49:1749 [31merror[39m: [31mProfile creation failed[39m
2025-06-09 07:17:49:1749 [31merror[39m: [31mServer error dompurify__WEBPACK_IMPORTED_MODULE_1__.default.sanitize is not a function[39m
2025-06-09 07:21:01:211 [31merror[39m: [31mProfile creation failed[39m
2025-06-09 07:54:57:5457 [31merror[39m: [31mPrisma Error[39m
[31mError: Prisma Error[39m
[31m    at EventEmitter.eval (webpack-internal:///(rsc)/./app/lib/utils/db.ts:50:55)[39m
[31m    at EventEmitter.emit (node:events:530:35)[39m
[31m    at Zn.handleAndLogRequestError (/home/moamen/Desktop/Grade-project/masar/node_modules/@prisma/client/runtime/library.js:121:6854)[39m
[31m    at Zn.request (/home/moamen/Desktop/Grade-project/masar/node_modules/@prisma/client/runtime/library.js:121:6491)[39m
[31m    at async l (/home/moamen/Desktop/Grade-project/masar/node_modules/@prisma/client/runtime/library.js:130:9778)[39m
[31m    at async GET (webpack-internal:///(rsc)/./app/api/profile/route.ts:190:22)[39m
[31m    at async AppRouteRouteModule.do (/home/moamen/Desktop/Grade-project/masar/node_modules/next/dist/compiled/next-server/app-route.runtime.dev.js:26:34112)[39m
[31m    at async AppRouteRouteModule.handle (/home/moamen/Desktop/Grade-project/masar/node_modules/next/dist/compiled/next-server/app-route.runtime.dev.js:26:41338)[39m
[31m    at async doRender (/home/moamen/Desktop/Grade-project/masar/node_modules/next/dist/server/base-server.js:1518:42)[39m
[31m    at async DevServer.renderToResponseWithComponentsImpl (/home/moamen/Desktop/Grade-project/masar/node_modules/next/dist/server/base-server.js:1920:28)[39m
[31m    at async DevServer.renderPageComponent (/home/moamen/Desktop/Grade-project/masar/node_modules/next/dist/server/base-server.js:2408:24)[39m
[31m    at async DevServer.renderToResponseImpl (/home/moamen/Desktop/Grade-project/masar/node_modules/next/dist/server/base-server.js:2445:32)[39m
[31m    at async DevServer.pipeImpl (/home/moamen/Desktop/Grade-project/masar/node_modules/next/dist/server/base-server.js:1008:25)[39m
[31m    at async NextNodeServer.handleCatchallRenderRequest (/home/moamen/Desktop/Grade-project/masar/node_modules/next/dist/server/next-server.js:305:17)[39m
[31m    at async DevServer.handleRequestImpl (/home/moamen/Desktop/Grade-project/masar/node_modules/next/dist/server/base-server.js:900:17)[39m
[31m    at async /home/moamen/Desktop/Grade-project/masar/node_modules/next/dist/server/dev/next-dev-server.js:371:20[39m
[31m    at async Span.traceAsyncFn (/home/moamen/Desktop/Grade-project/masar/node_modules/next/dist/trace/trace.js:157:20)[39m
[31m    at async DevServer.handleRequest (/home/moamen/Desktop/Grade-project/masar/node_modules/next/dist/server/dev/next-dev-server.js:368:24)[39m
[31m    at async invokeRender (/home/moamen/Desktop/Grade-project/masar/node_modules/next/dist/server/lib/router-server.js:237:21)[39m
[31m    at async handleRequest (/home/moamen/Desktop/Grade-project/masar/node_modules/next/dist/server/lib/router-server.js:428:24)[39m
[31m    at async requestHandlerImpl (/home/moamen/Desktop/Grade-project/masar/node_modules/next/dist/server/lib/router-server.js:452:13)[39m
[31m    at async Server.requestListener (/home/moamen/Desktop/Grade-project/masar/node_modules/next/dist/server/lib/start-server.js:158:13)[39m
2025-06-09 07:54:57:5457 [31merror[39m: [31mPrisma Error[39m
[31mError: Prisma Error[39m
[31m    at EventEmitter.eval (webpack-internal:///(rsc)/./app/lib/utils/db.ts:50:55)[39m
[31m    at EventEmitter.emit (node:events:530:35)[39m
[31m    at Zn.handleAndLogRequestError (/home/moamen/Desktop/Grade-project/masar/node_modules/@prisma/client/runtime/library.js:121:6854)[39m
[31m    at Zn.request (/home/moamen/Desktop/Grade-project/masar/node_modules/@prisma/client/runtime/library.js:121:6491)[39m
[31m    at async l (/home/moamen/Desktop/Grade-project/masar/node_modules/@prisma/client/runtime/library.js:130:9778)[39m
[31m    at async GET (webpack-internal:///(rsc)/./app/api/profile/route.ts:190:22)[39m
[31m    at async AppRouteRouteModule.do (/home/moamen/Desktop/Grade-project/masar/node_modules/next/dist/compiled/next-server/app-route.runtime.dev.js:26:34112)[39m
[31m    at async AppRouteRouteModule.handle (/home/moamen/Desktop/Grade-project/masar/node_modules/next/dist/compiled/next-server/app-route.runtime.dev.js:26:41338)[39m
[31m    at async doRender (/home/moamen/Desktop/Grade-project/masar/node_modules/next/dist/server/base-server.js:1518:42)[39m
[31m    at async DevServer.renderToResponseWithComponentsImpl (/home/moamen/Desktop/Grade-project/masar/node_modules/next/dist/server/base-server.js:1920:28)[39m
[31m    at async DevServer.renderPageComponent (/home/moamen/Desktop/Grade-project/masar/node_modules/next/dist/server/base-server.js:2408:24)[39m
[31m    at async DevServer.renderToResponseImpl (/home/moamen/Desktop/Grade-project/masar/node_modules/next/dist/server/base-server.js:2445:32)[39m
[31m    at async DevServer.pipeImpl (/home/moamen/Desktop/Grade-project/masar/node_modules/next/dist/server/base-server.js:1008:25)[39m
[31m    at async NextNodeServer.handleCatchallRenderRequest (/home/moamen/Desktop/Grade-project/masar/node_modules/next/dist/server/next-server.js:305:17)[39m
[31m    at async DevServer.handleRequestImpl (/home/moamen/Desktop/Grade-project/masar/node_modules/next/dist/server/base-server.js:900:17)[39m
[31m    at async /home/moamen/Desktop/Grade-project/masar/node_modules/next/dist/server/dev/next-dev-server.js:371:20[39m
[31m    at async Span.traceAsyncFn (/home/moamen/Desktop/Grade-project/masar/node_modules/next/dist/trace/trace.js:157:20)[39m
[31m    at async DevServer.handleRequest (/home/moamen/Desktop/Grade-project/masar/node_modules/next/dist/server/dev/next-dev-server.js:368:24)[39m
[31m    at async invokeRender (/home/moamen/Desktop/Grade-project/masar/node_modules/next/dist/server/lib/router-server.js:237:21)[39m
[31m    at async handleRequest (/home/moamen/Desktop/Grade-project/masar/node_modules/next/dist/server/lib/router-server.js:428:24)[39m
[31m    at async requestHandlerImpl (/home/moamen/Desktop/Grade-project/masar/node_modules/next/dist/server/lib/router-server.js:452:13)[39m
[31m    at async Server.requestListener (/home/moamen/Desktop/Grade-project/masar/node_modules/next/dist/server/lib/start-server.js:158:13)[39m
2025-06-09 07:54:57:5457 [31merror[39m: [31mPrisma Error[39m
[31mError: Prisma Error[39m
[31m    at EventEmitter.eval (webpack-internal:///(rsc)/./app/lib/utils/db.ts:50:55)[39m
[31m    at EventEmitter.emit (node:events:530:35)[39m
[31m    at Zn.handleAndLogRequestError (/home/moamen/Desktop/Grade-project/masar/node_modules/@prisma/client/runtime/library.js:121:6854)[39m
[31m    at Zn.request (/home/moamen/Desktop/Grade-project/masar/node_modules/@prisma/client/runtime/library.js:121:6491)[39m
[31m    at async l (/home/moamen/Desktop/Grade-project/masar/node_modules/@prisma/client/runtime/library.js:130:9778)[39m
[31m    at async GET (webpack-internal:///(rsc)/./app/api/profile/route.ts:190:22)[39m
[31m    at async AppRouteRouteModule.do (/home/moamen/Desktop/Grade-project/masar/node_modules/next/dist/compiled/next-server/app-route.runtime.dev.js:26:34112)[39m
[31m    at async AppRouteRouteModule.handle (/home/moamen/Desktop/Grade-project/masar/node_modules/next/dist/compiled/next-server/app-route.runtime.dev.js:26:41338)[39m
[31m    at async doRender (/home/moamen/Desktop/Grade-project/masar/node_modules/next/dist/server/base-server.js:1518:42)[39m
[31m    at async DevServer.renderToResponseWithComponentsImpl (/home/moamen/Desktop/Grade-project/masar/node_modules/next/dist/server/base-server.js:1920:28)[39m
[31m    at async DevServer.renderPageComponent (/home/moamen/Desktop/Grade-project/masar/node_modules/next/dist/server/base-server.js:2408:24)[39m
[31m    at async DevServer.renderToResponseImpl (/home/moamen/Desktop/Grade-project/masar/node_modules/next/dist/server/base-server.js:2445:32)[39m
[31m    at async DevServer.pipeImpl (/home/moamen/Desktop/Grade-project/masar/node_modules/next/dist/server/base-server.js:1008:25)[39m
[31m    at async NextNodeServer.handleCatchallRenderRequest (/home/moamen/Desktop/Grade-project/masar/node_modules/next/dist/server/next-server.js:305:17)[39m
[31m    at async DevServer.handleRequestImpl (/home/moamen/Desktop/Grade-project/masar/node_modules/next/dist/server/base-server.js:900:17)[39m
[31m    at async /home/moamen/Desktop/Grade-project/masar/node_modules/next/dist/server/dev/next-dev-server.js:371:20[39m
[31m    at async Span.traceAsyncFn (/home/moamen/Desktop/Grade-project/masar/node_modules/next/dist/trace/trace.js:157:20)[39m
[31m    at async DevServer.handleRequest (/home/moamen/Desktop/Grade-project/masar/node_modules/next/dist/server/dev/next-dev-server.js:368:24)[39m
[31m    at async invokeRender (/home/moamen/Desktop/Grade-project/masar/node_modules/next/dist/server/lib/router-server.js:237:21)[39m
[31m    at async handleRequest (/home/moamen/Desktop/Grade-project/masar/node_modules/next/dist/server/lib/router-server.js:428:24)[39m
[31m    at async requestHandlerImpl (/home/moamen/Desktop/Grade-project/masar/node_modules/next/dist/server/lib/router-server.js:452:13)[39m
[31m    at async Server.requestListener (/home/moamen/Desktop/Grade-project/masar/node_modules/next/dist/server/lib/start-server.js:158:13)[39m
2025-06-09 07:54:57:5457 [31merror[39m: [31mError fetching profile:[39m
2025-06-09 07:54:57:5457 [31merror[39m: [31mServer error [39m
[31mInvalid `prisma.user.findUnique()` invocation:[39m

[31m{[39m
[31m  where: {[39m
[31m    email: "moameayman596@gmail.com"[39m
[31m  },[39m
[31m  include: {[39m
[31m    skills: {[39m
[31m      select: {[39m
[31m        id: true,[39m
[31m        name: true,[39m
[31m        level: true,[39m
[31m        category: true[39m
[31m      }[39m
[31m    },[39m
[31m    preferences: {[39m
[31m      select: {[39m
[31m        id: true,[39m
[31m        industry: true,[39m
[31m        preferredSalary: true,[39m
[31m        workType: true,[39m
[31m        location: true[39m
[31m      }[39m
[31m    },[39m
[31m    education: {[39m
[31m      select: {[39m
[31m        id: true,[39m
[31m        degree: true,[39m
[31m        fieldOfStudy: true,[39m
[31m        institution: true,[39m
[31m        graduationYear: true,[39m
[31m        description: true,[39m
[31m        ~~~~~~~~~~~[39m
[31m?       userId?: true,[39m
[31m?       user?: true[39m
[31m      }[39m
[31m    },[39m
[31m    experience: {[39m
[31m      select: {[39m
[31m        id: true,[39m
[31m        title: true,[39m
[31m        company: true,[39m
[31m        startDate: true,[39m
[31m        endDate: true,[39m
[31m        description: true[39m
[31m      }[39m
[31m    }[39m
[31m  }[39m
[31m}[39m

[31mUnknown field `description` for select statement on model `Education`. Available options are marked with ?.[39m
2025-06-09 07:55:48:5548 [31merror[39m: [31mPrisma Error[39m
[31mError: Prisma Error[39m
[31m    at EventEmitter.eval (webpack-internal:///(rsc)/./app/lib/utils/db.ts:50:55)[39m
[31m    at EventEmitter.emit (node:events:530:35)[39m
[31m    at Zn.handleAndLogRequestError (/home/moamen/Desktop/Grade-project/masar/node_modules/@prisma/client/runtime/library.js:121:6854)[39m
[31m    at Zn.request (/home/moamen/Desktop/Grade-project/masar/node_modules/@prisma/client/runtime/library.js:121:6491)[39m
[31m    at async l (/home/moamen/Desktop/Grade-project/masar/node_modules/@prisma/client/runtime/library.js:130:9778)[39m
[31m    at async GET (webpack-internal:///(rsc)/./app/api/profile/route.ts:190:22)[39m
[31m    at async AppRouteRouteModule.do (/home/moamen/Desktop/Grade-project/masar/node_modules/next/dist/compiled/next-server/app-route.runtime.dev.js:26:34112)[39m
[31m    at async AppRouteRouteModule.handle (/home/moamen/Desktop/Grade-project/masar/node_modules/next/dist/compiled/next-server/app-route.runtime.dev.js:26:41338)[39m
[31m    at async doRender (/home/moamen/Desktop/Grade-project/masar/node_modules/next/dist/server/base-server.js:1518:42)[39m
[31m    at async DevServer.renderToResponseWithComponentsImpl (/home/moamen/Desktop/Grade-project/masar/node_modules/next/dist/server/base-server.js:1920:28)[39m
[31m    at async DevServer.renderPageComponent (/home/moamen/Desktop/Grade-project/masar/node_modules/next/dist/server/base-server.js:2408:24)[39m
[31m    at async DevServer.renderToResponseImpl (/home/moamen/Desktop/Grade-project/masar/node_modules/next/dist/server/base-server.js:2445:32)[39m
[31m    at async DevServer.pipeImpl (/home/moamen/Desktop/Grade-project/masar/node_modules/next/dist/server/base-server.js:1008:25)[39m
[31m    at async NextNodeServer.handleCatchallRenderRequest (/home/moamen/Desktop/Grade-project/masar/node_modules/next/dist/server/next-server.js:305:17)[39m
[31m    at async DevServer.handleRequestImpl (/home/moamen/Desktop/Grade-project/masar/node_modules/next/dist/server/base-server.js:900:17)[39m
[31m    at async /home/moamen/Desktop/Grade-project/masar/node_modules/next/dist/server/dev/next-dev-server.js:371:20[39m
[31m    at async Span.traceAsyncFn (/home/moamen/Desktop/Grade-project/masar/node_modules/next/dist/trace/trace.js:157:20)[39m
[31m    at async DevServer.handleRequest (/home/moamen/Desktop/Grade-project/masar/node_modules/next/dist/server/dev/next-dev-server.js:368:24)[39m
[31m    at async invokeRender (/home/moamen/Desktop/Grade-project/masar/node_modules/next/dist/server/lib/router-server.js:237:21)[39m
[31m    at async handleRequest (/home/moamen/Desktop/Grade-project/masar/node_modules/next/dist/server/lib/router-server.js:428:24)[39m
[31m    at async requestHandlerImpl (/home/moamen/Desktop/Grade-project/masar/node_modules/next/dist/server/lib/router-server.js:452:13)[39m
[31m    at async Server.requestListener (/home/moamen/Desktop/Grade-project/masar/node_modules/next/dist/server/lib/start-server.js:158:13)[39m
2025-06-09 07:55:48:5548 [31merror[39m: [31mError fetching profile:[39m
2025-06-09 07:55:48:5548 [31merror[39m: [31mServer error [39m
[31mInvalid `prisma.user.findUnique()` invocation:[39m

[31m{[39m
[31m  where: {[39m
[31m    email: "moameayman596@gmail.com"[39m
[31m  },[39m
[31m  include: {[39m
[31m    skills: {[39m
[31m      select: {[39m
[31m        id: true,[39m
[31m        name: true,[39m
[31m        level: true,[39m
[31m        category: true[39m
[31m      }[39m
[31m    },[39m
[31m    preferences: {[39m
[31m      select: {[39m
[31m        id: true,[39m
[31m        industry: true,[39m
[31m        preferredSalary: true,[39m
[31m        workType: true,[39m
[31m        location: true[39m
[31m      }[39m
[31m    },[39m
[31m    education: {[39m
[31m      select: {[39m
[31m        id: true,[39m
[31m        degree: true,[39m
[31m        fieldOfStudy: true,[39m
[31m        institution: true,[39m
[31m        graduationYear: true,[39m
[31m        description: true,[39m
[31m        ~~~~~~~~~~~[39m
[31m?       userId?: true,[39m
[31m?       user?: true[39m
[31m      }[39m
[31m    },[39m
[31m    experience: {[39m
[31m      select: {[39m
[31m        id: true,[39m
[31m        title: true,[39m
[31m        company: true,[39m
[31m        startDate: true,[39m
[31m        endDate: true,[39m
[31m        description: true[39m
[31m      }[39m
[31m    }[39m
[31m  }[39m
[31m}[39m

[31mUnknown field `description` for select statement on model `Education`. Available options are marked with ?.[39m
2025-06-09 07:56:36:5636 [31merror[39m: [31mPrisma Error[39m
[31mError: Prisma Error[39m
[31m    at EventEmitter.eval (webpack-internal:///(rsc)/./app/lib/utils/db.ts:50:55)[39m
[31m    at EventEmitter.emit (node:events:530:35)[39m
[31m    at Zn.handleAndLogRequestError (/home/moamen/Desktop/Grade-project/masar/node_modules/@prisma/client/runtime/library.js:121:6854)[39m
[31m    at Zn.request (/home/moamen/Desktop/Grade-project/masar/node_modules/@prisma/client/runtime/library.js:121:6491)[39m
[31m    at async l (/home/moamen/Desktop/Grade-project/masar/node_modules/@prisma/client/runtime/library.js:130:9778)[39m
[31m    at async GET (webpack-internal:///(rsc)/./app/api/profile/route.ts:190:22)[39m
[31m    at async AppRouteRouteModule.do (/home/moamen/Desktop/Grade-project/masar/node_modules/next/dist/compiled/next-server/app-route.runtime.dev.js:26:34112)[39m
[31m    at async AppRouteRouteModule.handle (/home/moamen/Desktop/Grade-project/masar/node_modules/next/dist/compiled/next-server/app-route.runtime.dev.js:26:41338)[39m
[31m    at async doRender (/home/moamen/Desktop/Grade-project/masar/node_modules/next/dist/server/base-server.js:1518:42)[39m
[31m    at async DevServer.renderToResponseWithComponentsImpl (/home/moamen/Desktop/Grade-project/masar/node_modules/next/dist/server/base-server.js:1920:28)[39m
[31m    at async DevServer.renderPageComponent (/home/moamen/Desktop/Grade-project/masar/node_modules/next/dist/server/base-server.js:2408:24)[39m
[31m    at async DevServer.renderToResponseImpl (/home/moamen/Desktop/Grade-project/masar/node_modules/next/dist/server/base-server.js:2445:32)[39m
[31m    at async DevServer.pipeImpl (/home/moamen/Desktop/Grade-project/masar/node_modules/next/dist/server/base-server.js:1008:25)[39m
[31m    at async NextNodeServer.handleCatchallRenderRequest (/home/moamen/Desktop/Grade-project/masar/node_modules/next/dist/server/next-server.js:305:17)[39m
[31m    at async DevServer.handleRequestImpl (/home/moamen/Desktop/Grade-project/masar/node_modules/next/dist/server/base-server.js:900:17)[39m
[31m    at async /home/moamen/Desktop/Grade-project/masar/node_modules/next/dist/server/dev/next-dev-server.js:371:20[39m
[31m    at async Span.traceAsyncFn (/home/moamen/Desktop/Grade-project/masar/node_modules/next/dist/trace/trace.js:157:20)[39m
[31m    at async DevServer.handleRequest (/home/moamen/Desktop/Grade-project/masar/node_modules/next/dist/server/dev/next-dev-server.js:368:24)[39m
[31m    at async invokeRender (/home/moamen/Desktop/Grade-project/masar/node_modules/next/dist/server/lib/router-server.js:237:21)[39m
[31m    at async handleRequest (/home/moamen/Desktop/Grade-project/masar/node_modules/next/dist/server/lib/router-server.js:428:24)[39m
[31m    at async requestHandlerImpl (/home/moamen/Desktop/Grade-project/masar/node_modules/next/dist/server/lib/router-server.js:452:13)[39m
[31m    at async Server.requestListener (/home/moamen/Desktop/Grade-project/masar/node_modules/next/dist/server/lib/start-server.js:158:13)[39m
2025-06-09 07:56:36:5636 [31merror[39m: [31mPrisma Error[39m
[31mError: Prisma Error[39m
[31m    at EventEmitter.eval (webpack-internal:///(rsc)/./app/lib/utils/db.ts:50:55)[39m
[31m    at EventEmitter.emit (node:events:530:35)[39m
[31m    at Zn.handleAndLogRequestError (/home/moamen/Desktop/Grade-project/masar/node_modules/@prisma/client/runtime/library.js:121:6854)[39m
[31m    at Zn.request (/home/moamen/Desktop/Grade-project/masar/node_modules/@prisma/client/runtime/library.js:121:6491)[39m
[31m    at async l (/home/moamen/Desktop/Grade-project/masar/node_modules/@prisma/client/runtime/library.js:130:9778)[39m
[31m    at async GET (webpack-internal:///(rsc)/./app/api/profile/route.ts:190:22)[39m
[31m    at async AppRouteRouteModule.do (/home/moamen/Desktop/Grade-project/masar/node_modules/next/dist/compiled/next-server/app-route.runtime.dev.js:26:34112)[39m
[31m    at async AppRouteRouteModule.handle (/home/moamen/Desktop/Grade-project/masar/node_modules/next/dist/compiled/next-server/app-route.runtime.dev.js:26:41338)[39m
[31m    at async doRender (/home/moamen/Desktop/Grade-project/masar/node_modules/next/dist/server/base-server.js:1518:42)[39m
[31m    at async DevServer.renderToResponseWithComponentsImpl (/home/moamen/Desktop/Grade-project/masar/node_modules/next/dist/server/base-server.js:1920:28)[39m
[31m    at async DevServer.renderPageComponent (/home/moamen/Desktop/Grade-project/masar/node_modules/next/dist/server/base-server.js:2408:24)[39m
[31m    at async DevServer.renderToResponseImpl (/home/moamen/Desktop/Grade-project/masar/node_modules/next/dist/server/base-server.js:2445:32)[39m
[31m    at async DevServer.pipeImpl (/home/moamen/Desktop/Grade-project/masar/node_modules/next/dist/server/base-server.js:1008:25)[39m
[31m    at async NextNodeServer.handleCatchallRenderRequest (/home/moamen/Desktop/Grade-project/masar/node_modules/next/dist/server/next-server.js:305:17)[39m
[31m    at async DevServer.handleRequestImpl (/home/moamen/Desktop/Grade-project/masar/node_modules/next/dist/server/base-server.js:900:17)[39m
[31m    at async /home/moamen/Desktop/Grade-project/masar/node_modules/next/dist/server/dev/next-dev-server.js:371:20[39m
[31m    at async Span.traceAsyncFn (/home/moamen/Desktop/Grade-project/masar/node_modules/next/dist/trace/trace.js:157:20)[39m
[31m    at async DevServer.handleRequest (/home/moamen/Desktop/Grade-project/masar/node_modules/next/dist/server/dev/next-dev-server.js:368:24)[39m
[31m    at async invokeRender (/home/moamen/Desktop/Grade-project/masar/node_modules/next/dist/server/lib/router-server.js:237:21)[39m
[31m    at async handleRequest (/home/moamen/Desktop/Grade-project/masar/node_modules/next/dist/server/lib/router-server.js:428:24)[39m
[31m    at async requestHandlerImpl (/home/moamen/Desktop/Grade-project/masar/node_modules/next/dist/server/lib/router-server.js:452:13)[39m
[31m    at async Server.requestListener (/home/moamen/Desktop/Grade-project/masar/node_modules/next/dist/server/lib/start-server.js:158:13)[39m
2025-06-09 07:56:36:5636 [31merror[39m: [31mError fetching profile:[39m
2025-06-09 07:56:36:5636 [31merror[39m: [31mServer error [39m
[31mInvalid `prisma.user.findUnique()` invocation:[39m

[31m{[39m
[31m  where: {[39m
[31m    email: "moameayman596@gmail.com"[39m
[31m  },[39m
[31m  include: {[39m
[31m    skills: {[39m
[31m      select: {[39m
[31m        id: true,[39m
[31m        name: true,[39m
[31m        level: true,[39m
[31m        category: true[39m
[31m      }[39m
[31m    },[39m
[31m    preferences: {[39m
[31m      select: {[39m
[31m        id: true,[39m
[31m        industry: true,[39m
[31m        preferredSalary: true,[39m
[31m        workType: true,[39m
[31m        location: true[39m
[31m      }[39m
[31m    },[39m
[31m    education: {[39m
[31m      select: {[39m
[31m        id: true,[39m
[31m        degree: true,[39m
[31m        fieldOfStudy: true,[39m
[31m        institution: true,[39m
[31m        graduationYear: true,[39m
[31m        description: true,[39m
[31m        ~~~~~~~~~~~[39m
[31m?       userId?: true,[39m
[31m?       user?: true[39m
[31m      }[39m
[31m    },[39m
[31m    experience: {[39m
[31m      select: {[39m
[31m        id: true,[39m
[31m        title: true,[39m
[31m        company: true,[39m
[31m        startDate: true,[39m
[31m        endDate: true,[39m
[31m        description: true[39m
[31m      }[39m
[31m    }[39m
[31m  }[39m
[31m}[39m

[31mUnknown field `description` for select statement on model `Education`. Available options are marked with ?.[39m
2025-06-09 07:56:36:5636 [31merror[39m: [31mPrisma Error[39m
[31mError: Prisma Error[39m
[31m    at EventEmitter.eval (webpack-internal:///(rsc)/./app/lib/utils/db.ts:50:55)[39m
[31m    at EventEmitter.emit (node:events:530:35)[39m
[31m    at Zn.handleAndLogRequestError (/home/moamen/Desktop/Grade-project/masar/node_modules/@prisma/client/runtime/library.js:121:6854)[39m
[31m    at Zn.request (/home/moamen/Desktop/Grade-project/masar/node_modules/@prisma/client/runtime/library.js:121:6491)[39m
[31m    at async l (/home/moamen/Desktop/Grade-project/masar/node_modules/@prisma/client/runtime/library.js:130:9778)[39m
[31m    at async GET (webpack-internal:///(rsc)/./app/api/profile/route.ts:190:22)[39m
[31m    at async AppRouteRouteModule.do (/home/moamen/Desktop/Grade-project/masar/node_modules/next/dist/compiled/next-server/app-route.runtime.dev.js:26:34112)[39m
[31m    at async AppRouteRouteModule.handle (/home/moamen/Desktop/Grade-project/masar/node_modules/next/dist/compiled/next-server/app-route.runtime.dev.js:26:41338)[39m
[31m    at async doRender (/home/moamen/Desktop/Grade-project/masar/node_modules/next/dist/server/base-server.js:1518:42)[39m
[31m    at async DevServer.renderToResponseWithComponentsImpl (/home/moamen/Desktop/Grade-project/masar/node_modules/next/dist/server/base-server.js:1920:28)[39m
[31m    at async DevServer.renderPageComponent (/home/moamen/Desktop/Grade-project/masar/node_modules/next/dist/server/base-server.js:2408:24)[39m
[31m    at async DevServer.renderToResponseImpl (/home/moamen/Desktop/Grade-project/masar/node_modules/next/dist/server/base-server.js:2445:32)[39m
[31m    at async DevServer.pipeImpl (/home/moamen/Desktop/Grade-project/masar/node_modules/next/dist/server/base-server.js:1008:25)[39m
[31m    at async NextNodeServer.handleCatchallRenderRequest (/home/moamen/Desktop/Grade-project/masar/node_modules/next/dist/server/next-server.js:305:17)[39m
[31m    at async DevServer.handleRequestImpl (/home/moamen/Desktop/Grade-project/masar/node_modules/next/dist/server/base-server.js:900:17)[39m
[31m    at async /home/moamen/Desktop/Grade-project/masar/node_modules/next/dist/server/dev/next-dev-server.js:371:20[39m
[31m    at async Span.traceAsyncFn (/home/moamen/Desktop/Grade-project/masar/node_modules/next/dist/trace/trace.js:157:20)[39m
[31m    at async DevServer.handleRequest (/home/moamen/Desktop/Grade-project/masar/node_modules/next/dist/server/dev/next-dev-server.js:368:24)[39m
[31m    at async invokeRender (/home/moamen/Desktop/Grade-project/masar/node_modules/next/dist/server/lib/router-server.js:237:21)[39m
[31m    at async handleRequest (/home/moamen/Desktop/Grade-project/masar/node_modules/next/dist/server/lib/router-server.js:428:24)[39m
[31m    at async requestHandlerImpl (/home/moamen/Desktop/Grade-project/masar/node_modules/next/dist/server/lib/router-server.js:452:13)[39m
[31m    at async Server.requestListener (/home/moamen/Desktop/Grade-project/masar/node_modules/next/dist/server/lib/start-server.js:158:13)[39m
2025-06-09 07:56:36:5636 [31merror[39m: [31mPrisma Error[39m
[31mError: Prisma Error[39m
[31m    at EventEmitter.eval (webpack-internal:///(rsc)/./app/lib/utils/db.ts:50:55)[39m
[31m    at EventEmitter.emit (node:events:530:35)[39m
[31m    at Zn.handleAndLogRequestError (/home/moamen/Desktop/Grade-project/masar/node_modules/@prisma/client/runtime/library.js:121:6854)[39m
[31m    at Zn.request (/home/moamen/Desktop/Grade-project/masar/node_modules/@prisma/client/runtime/library.js:121:6491)[39m
[31m    at async l (/home/moamen/Desktop/Grade-project/masar/node_modules/@prisma/client/runtime/library.js:130:9778)[39m
[31m    at async GET (webpack-internal:///(rsc)/./app/api/profile/route.ts:190:22)[39m
[31m    at async AppRouteRouteModule.do (/home/moamen/Desktop/Grade-project/masar/node_modules/next/dist/compiled/next-server/app-route.runtime.dev.js:26:34112)[39m
[31m    at async AppRouteRouteModule.handle (/home/moamen/Desktop/Grade-project/masar/node_modules/next/dist/compiled/next-server/app-route.runtime.dev.js:26:41338)[39m
[31m    at async doRender (/home/moamen/Desktop/Grade-project/masar/node_modules/next/dist/server/base-server.js:1518:42)[39m
[31m    at async DevServer.renderToResponseWithComponentsImpl (/home/moamen/Desktop/Grade-project/masar/node_modules/next/dist/server/base-server.js:1920:28)[39m
[31m    at async DevServer.renderPageComponent (/home/moamen/Desktop/Grade-project/masar/node_modules/next/dist/server/base-server.js:2408:24)[39m
[31m    at async DevServer.renderToResponseImpl (/home/moamen/Desktop/Grade-project/masar/node_modules/next/dist/server/base-server.js:2445:32)[39m
[31m    at async DevServer.pipeImpl (/home/moamen/Desktop/Grade-project/masar/node_modules/next/dist/server/base-server.js:1008:25)[39m
[31m    at async NextNodeServer.handleCatchallRenderRequest (/home/moamen/Desktop/Grade-project/masar/node_modules/next/dist/server/next-server.js:305:17)[39m
[31m    at async DevServer.handleRequestImpl (/home/moamen/Desktop/Grade-project/masar/node_modules/next/dist/server/base-server.js:900:17)[39m
[31m    at async /home/moamen/Desktop/Grade-project/masar/node_modules/next/dist/server/dev/next-dev-server.js:371:20[39m
[31m    at async Span.traceAsyncFn (/home/moamen/Desktop/Grade-project/masar/node_modules/next/dist/trace/trace.js:157:20)[39m
[31m    at async DevServer.handleRequest (/home/moamen/Desktop/Grade-project/masar/node_modules/next/dist/server/dev/next-dev-server.js:368:24)[39m
[31m    at async invokeRender (/home/moamen/Desktop/Grade-project/masar/node_modules/next/dist/server/lib/router-server.js:237:21)[39m
[31m    at async handleRequest (/home/moamen/Desktop/Grade-project/masar/node_modules/next/dist/server/lib/router-server.js:428:24)[39m
[31m    at async requestHandlerImpl (/home/moamen/Desktop/Grade-project/masar/node_modules/next/dist/server/lib/router-server.js:452:13)[39m
[31m    at async Server.requestListener (/home/moamen/Desktop/Grade-project/masar/node_modules/next/dist/server/lib/start-server.js:158:13)[39m
2025-06-09 07:56:36:5636 [31merror[39m: [31mError fetching profile:[39m
2025-06-09 07:56:36:5636 [31merror[39m: [31mServer error [39m
[31mInvalid `prisma.user.findUnique()` invocation:[39m

[31m{[39m
[31m  where: {[39m
[31m    email: "moameayman596@gmail.com"[39m
[31m  },[39m
[31m  include: {[39m
[31m    skills: {[39m
[31m      select: {[39m
[31m        id: true,[39m
[31m        name: true,[39m
[31m        level: true,[39m
[31m        category: true[39m
[31m      }[39m
[31m    },[39m
[31m    preferences: {[39m
[31m      select: {[39m
[31m        id: true,[39m
[31m        industry: true,[39m
[31m        preferredSalary: true,[39m
[31m        workType: true,[39m
[31m        location: true[39m
[31m      }[39m
[31m    },[39m
[31m    education: {[39m
[31m      select: {[39m
[31m        id: true,[39m
[31m        degree: true,[39m
[31m        fieldOfStudy: true,[39m
[31m        institution: true,[39m
[31m        graduationYear: true,[39m
[31m        description: true,[39m
[31m        ~~~~~~~~~~~[39m
[31m?       userId?: true,[39m
[31m?       user?: true[39m
[31m      }[39m
[31m    },[39m
[31m    experience: {[39m
[31m      select: {[39m
[31m        id: true,[39m
[31m        title: true,[39m
[31m        company: true,[39m
[31m        startDate: true,[39m
[31m        endDate: true,[39m
[31m        description: true[39m
[31m      }[39m
[31m    }[39m
[31m  }[39m
[31m}[39m

[31mUnknown field `description` for select statement on model `Education`. Available options are marked with ?.[39m
2025-06-09 08:04:56:456 [31merror[39m: [31mPrisma Error[39m
[31mError: Prisma Error[39m
[31m    at EventEmitter.eval (webpack-internal:///(rsc)/./app/lib/utils/db.ts:50:55)[39m
[31m    at EventEmitter.emit (node:events:530:35)[39m
[31m    at Zn.handleAndLogRequestError (/home/moamen/Desktop/Grade-project/masar/node_modules/@prisma/client/runtime/library.js:121:6854)[39m
[31m    at Zn.request (/home/moamen/Desktop/Grade-project/masar/node_modules/@prisma/client/runtime/library.js:121:6491)[39m
[31m    at async l (/home/moamen/Desktop/Grade-project/masar/node_modules/@prisma/client/runtime/library.js:130:9778)[39m
[31m    at async POST (webpack-internal:///(rsc)/./app/api/profile/route.ts:108:25)[39m
[31m    at async AppRouteRouteModule.do (/home/moamen/Desktop/Grade-project/masar/node_modules/next/dist/compiled/next-server/app-route.runtime.dev.js:26:34112)[39m
[31m    at async AppRouteRouteModule.handle (/home/moamen/Desktop/Grade-project/masar/node_modules/next/dist/compiled/next-server/app-route.runtime.dev.js:26:41338)[39m
[31m    at async doRender (/home/moamen/Desktop/Grade-project/masar/node_modules/next/dist/server/base-server.js:1518:42)[39m
[31m    at async DevServer.renderToResponseWithComponentsImpl (/home/moamen/Desktop/Grade-project/masar/node_modules/next/dist/server/base-server.js:1920:28)[39m
[31m    at async DevServer.renderPageComponent (/home/moamen/Desktop/Grade-project/masar/node_modules/next/dist/server/base-server.js:2408:24)[39m
[31m    at async DevServer.renderToResponseImpl (/home/moamen/Desktop/Grade-project/masar/node_modules/next/dist/server/base-server.js:2445:32)[39m
[31m    at async DevServer.pipeImpl (/home/moamen/Desktop/Grade-project/masar/node_modules/next/dist/server/base-server.js:1008:25)[39m
[31m    at async NextNodeServer.handleCatchallRenderRequest (/home/moamen/Desktop/Grade-project/masar/node_modules/next/dist/server/next-server.js:305:17)[39m
[31m    at async DevServer.handleRequestImpl (/home/moamen/Desktop/Grade-project/masar/node_modules/next/dist/server/base-server.js:900:17)[39m
[31m    at async /home/moamen/Desktop/Grade-project/masar/node_modules/next/dist/server/dev/next-dev-server.js:371:20[39m
[31m    at async Span.traceAsyncFn (/home/moamen/Desktop/Grade-project/masar/node_modules/next/dist/trace/trace.js:157:20)[39m
[31m    at async DevServer.handleRequest (/home/moamen/Desktop/Grade-project/masar/node_modules/next/dist/server/dev/next-dev-server.js:368:24)[39m
[31m    at async invokeRender (/home/moamen/Desktop/Grade-project/masar/node_modules/next/dist/server/lib/router-server.js:237:21)[39m
[31m    at async handleRequest (/home/moamen/Desktop/Grade-project/masar/node_modules/next/dist/server/lib/router-server.js:428:24)[39m
[31m    at async requestHandlerImpl (/home/moamen/Desktop/Grade-project/masar/node_modules/next/dist/server/lib/router-server.js:452:13)[39m
[31m    at async Server.requestListener (/home/moamen/Desktop/Grade-project/masar/node_modules/next/dist/server/lib/start-server.js:158:13)[39m
2025-06-09 08:04:56:456 [31merror[39m: [31mPrisma Error[39m
[31mError: Prisma Error[39m
[31m    at EventEmitter.eval (webpack-internal:///(rsc)/./app/lib/utils/db.ts:50:55)[39m
[31m    at EventEmitter.emit (node:events:530:35)[39m
[31m    at Zn.handleAndLogRequestError (/home/moamen/Desktop/Grade-project/masar/node_modules/@prisma/client/runtime/library.js:121:6854)[39m
[31m    at Zn.request (/home/moamen/Desktop/Grade-project/masar/node_modules/@prisma/client/runtime/library.js:121:6491)[39m
[31m    at async l (/home/moamen/Desktop/Grade-project/masar/node_modules/@prisma/client/runtime/library.js:130:9778)[39m
[31m    at async POST (webpack-internal:///(rsc)/./app/api/profile/route.ts:108:25)[39m
[31m    at async AppRouteRouteModule.do (/home/moamen/Desktop/Grade-project/masar/node_modules/next/dist/compiled/next-server/app-route.runtime.dev.js:26:34112)[39m
[31m    at async AppRouteRouteModule.handle (/home/moamen/Desktop/Grade-project/masar/node_modules/next/dist/compiled/next-server/app-route.runtime.dev.js:26:41338)[39m
[31m    at async doRender (/home/moamen/Desktop/Grade-project/masar/node_modules/next/dist/server/base-server.js:1518:42)[39m
[31m    at async DevServer.renderToResponseWithComponentsImpl (/home/moamen/Desktop/Grade-project/masar/node_modules/next/dist/server/base-server.js:1920:28)[39m
[31m    at async DevServer.renderPageComponent (/home/moamen/Desktop/Grade-project/masar/node_modules/next/dist/server/base-server.js:2408:24)[39m
[31m    at async DevServer.renderToResponseImpl (/home/moamen/Desktop/Grade-project/masar/node_modules/next/dist/server/base-server.js:2445:32)[39m
[31m    at async DevServer.pipeImpl (/home/moamen/Desktop/Grade-project/masar/node_modules/next/dist/server/base-server.js:1008:25)[39m
[31m    at async NextNodeServer.handleCatchallRenderRequest (/home/moamen/Desktop/Grade-project/masar/node_modules/next/dist/server/next-server.js:305:17)[39m
[31m    at async DevServer.handleRequestImpl (/home/moamen/Desktop/Grade-project/masar/node_modules/next/dist/server/base-server.js:900:17)[39m
[31m    at async /home/moamen/Desktop/Grade-project/masar/node_modules/next/dist/server/dev/next-dev-server.js:371:20[39m
[31m    at async Span.traceAsyncFn (/home/moamen/Desktop/Grade-project/masar/node_modules/next/dist/trace/trace.js:157:20)[39m
[31m    at async DevServer.handleRequest (/home/moamen/Desktop/Grade-project/masar/node_modules/next/dist/server/dev/next-dev-server.js:368:24)[39m
[31m    at async invokeRender (/home/moamen/Desktop/Grade-project/masar/node_modules/next/dist/server/lib/router-server.js:237:21)[39m
[31m    at async handleRequest (/home/moamen/Desktop/Grade-project/masar/node_modules/next/dist/server/lib/router-server.js:428:24)[39m
[31m    at async requestHandlerImpl (/home/moamen/Desktop/Grade-project/masar/node_modules/next/dist/server/lib/router-server.js:452:13)[39m
[31m    at async Server.requestListener (/home/moamen/Desktop/Grade-project/masar/node_modules/next/dist/server/lib/start-server.js:158:13)[39m
2025-06-09 08:04:56:456 [31merror[39m: [31mProfile creation failed[39m
2025-06-09 08:09:03:93 [31merror[39m: [31mPrisma Error[39m
[31mError: Prisma Error[39m
[31m    at EventEmitter.eval (webpack-internal:///(rsc)/./app/lib/utils/db.ts:50:55)[39m
[31m    at EventEmitter.emit (node:events:530:35)[39m
[31m    at Zn.handleAndLogRequestError (/home/moamen/Desktop/Grade-project/masar/node_modules/@prisma/client/runtime/library.js:121:6854)[39m
[31m    at Zn.request (/home/moamen/Desktop/Grade-project/masar/node_modules/@prisma/client/runtime/library.js:121:6491)[39m
[31m    at async l (/home/moamen/Desktop/Grade-project/masar/node_modules/@prisma/client/runtime/library.js:130:9778)[39m
[31m    at async POST (webpack-internal:///(rsc)/./app/api/profile/route.ts:107:25)[39m
[31m    at async AppRouteRouteModule.do (/home/moamen/Desktop/Grade-project/masar/node_modules/next/dist/compiled/next-server/app-route.runtime.dev.js:26:34112)[39m
[31m    at async AppRouteRouteModule.handle (/home/moamen/Desktop/Grade-project/masar/node_modules/next/dist/compiled/next-server/app-route.runtime.dev.js:26:41338)[39m
[31m    at async doRender (/home/moamen/Desktop/Grade-project/masar/node_modules/next/dist/server/base-server.js:1518:42)[39m
[31m    at async DevServer.renderToResponseWithComponentsImpl (/home/moamen/Desktop/Grade-project/masar/node_modules/next/dist/server/base-server.js:1920:28)[39m
[31m    at async DevServer.renderPageComponent (/home/moamen/Desktop/Grade-project/masar/node_modules/next/dist/server/base-server.js:2408:24)[39m
[31m    at async DevServer.renderToResponseImpl (/home/moamen/Desktop/Grade-project/masar/node_modules/next/dist/server/base-server.js:2445:32)[39m
[31m    at async DevServer.pipeImpl (/home/moamen/Desktop/Grade-project/masar/node_modules/next/dist/server/base-server.js:1008:25)[39m
[31m    at async NextNodeServer.handleCatchallRenderRequest (/home/moamen/Desktop/Grade-project/masar/node_modules/next/dist/server/next-server.js:305:17)[39m
[31m    at async DevServer.handleRequestImpl (/home/moamen/Desktop/Grade-project/masar/node_modules/next/dist/server/base-server.js:900:17)[39m
[31m    at async /home/moamen/Desktop/Grade-project/masar/node_modules/next/dist/server/dev/next-dev-server.js:371:20[39m
[31m    at async Span.traceAsyncFn (/home/moamen/Desktop/Grade-project/masar/node_modules/next/dist/trace/trace.js:157:20)[39m
[31m    at async DevServer.handleRequest (/home/moamen/Desktop/Grade-project/masar/node_modules/next/dist/server/dev/next-dev-server.js:368:24)[39m
[31m    at async invokeRender (/home/moamen/Desktop/Grade-project/masar/node_modules/next/dist/server/lib/router-server.js:237:21)[39m
[31m    at async handleRequest (/home/moamen/Desktop/Grade-project/masar/node_modules/next/dist/server/lib/router-server.js:428:24)[39m
[31m    at async requestHandlerImpl (/home/moamen/Desktop/Grade-project/masar/node_modules/next/dist/server/lib/router-server.js:452:13)[39m
[31m    at async Server.requestListener (/home/moamen/Desktop/Grade-project/masar/node_modules/next/dist/server/lib/start-server.js:158:13)[39m
2025-06-09 08:09:03:93 [31merror[39m: [31mProfile creation failed[39m
2025-06-09 08:12:22:1222 [31merror[39m: [31mPrisma Error[39m
[31mError: Prisma Error[39m
[31m    at EventEmitter.eval (webpack-internal:///(rsc)/./app/lib/utils/db.ts:50:55)[39m
[31m    at EventEmitter.emit (node:events:530:35)[39m
[31m    at Zn.handleAndLogRequestError (/home/moamen/Desktop/Grade-project/masar/node_modules/@prisma/client/runtime/library.js:121:6854)[39m
[31m    at Zn.request (/home/moamen/Desktop/Grade-project/masar/node_modules/@prisma/client/runtime/library.js:121:6491)[39m
[31m    at async l (/home/moamen/Desktop/Grade-project/masar/node_modules/@prisma/client/runtime/library.js:130:9778)[39m
[31m    at async POST (webpack-internal:///(rsc)/./app/api/profile/route.ts:107:25)[39m
[31m    at async AppRouteRouteModule.do (/home/moamen/Desktop/Grade-project/masar/node_modules/next/dist/compiled/next-server/app-route.runtime.dev.js:26:34112)[39m
[31m    at async AppRouteRouteModule.handle (/home/moamen/Desktop/Grade-project/masar/node_modules/next/dist/compiled/next-server/app-route.runtime.dev.js:26:41338)[39m
[31m    at async doRender (/home/moamen/Desktop/Grade-project/masar/node_modules/next/dist/server/base-server.js:1518:42)[39m
[31m    at async DevServer.renderToResponseWithComponentsImpl (/home/moamen/Desktop/Grade-project/masar/node_modules/next/dist/server/base-server.js:1920:28)[39m
[31m    at async DevServer.renderPageComponent (/home/moamen/Desktop/Grade-project/masar/node_modules/next/dist/server/base-server.js:2408:24)[39m
[31m    at async DevServer.renderToResponseImpl (/home/moamen/Desktop/Grade-project/masar/node_modules/next/dist/server/base-server.js:2445:32)[39m
[31m    at async DevServer.pipeImpl (/home/moamen/Desktop/Grade-project/masar/node_modules/next/dist/server/base-server.js:1008:25)[39m
[31m    at async NextNodeServer.handleCatchallRenderRequest (/home/moamen/Desktop/Grade-project/masar/node_modules/next/dist/server/next-server.js:305:17)[39m
[31m    at async DevServer.handleRequestImpl (/home/moamen/Desktop/Grade-project/masar/node_modules/next/dist/server/base-server.js:900:17)[39m
[31m    at async /home/moamen/Desktop/Grade-project/masar/node_modules/next/dist/server/dev/next-dev-server.js:371:20[39m
[31m    at async Span.traceAsyncFn (/home/moamen/Desktop/Grade-project/masar/node_modules/next/dist/trace/trace.js:157:20)[39m
[31m    at async DevServer.handleRequest (/home/moamen/Desktop/Grade-project/masar/node_modules/next/dist/server/dev/next-dev-server.js:368:24)[39m
[31m    at async invokeRender (/home/moamen/Desktop/Grade-project/masar/node_modules/next/dist/server/lib/router-server.js:237:21)[39m
[31m    at async handleRequest (/home/moamen/Desktop/Grade-project/masar/node_modules/next/dist/server/lib/router-server.js:428:24)[39m
[31m    at async requestHandlerImpl (/home/moamen/Desktop/Grade-project/masar/node_modules/next/dist/server/lib/router-server.js:452:13)[39m
[31m    at async Server.requestListener (/home/moamen/Desktop/Grade-project/masar/node_modules/next/dist/server/lib/start-server.js:158:13)[39m
2025-06-09 08:12:22:1222 [31merror[39m: [31mProfile creation failed[39m
2025-06-09 08:14:14:1414 [31merror[39m: [31mPrisma Error[39m
[31mError: Prisma Error[39m
[31m    at EventEmitter.eval (webpack-internal:///(rsc)/./app/lib/utils/db.ts:50:55)[39m
[31m    at EventEmitter.emit (node:events:530:35)[39m
[31m    at Zn.handleAndLogRequestError (/home/moamen/Desktop/Grade-project/masar/node_modules/@prisma/client/runtime/library.js:121:6854)[39m
[31m    at Zn.request (/home/moamen/Desktop/Grade-project/masar/node_modules/@prisma/client/runtime/library.js:121:6491)[39m
[31m    at async l (/home/moamen/Desktop/Grade-project/masar/node_modules/@prisma/client/runtime/library.js:130:9778)[39m
[31m    at async POST (webpack-internal:///(rsc)/./app/api/profile/route.ts:107:25)[39m
[31m    at async AppRouteRouteModule.do (/home/moamen/Desktop/Grade-project/masar/node_modules/next/dist/compiled/next-server/app-route.runtime.dev.js:26:34112)[39m
[31m    at async AppRouteRouteModule.handle (/home/moamen/Desktop/Grade-project/masar/node_modules/next/dist/compiled/next-server/app-route.runtime.dev.js:26:41338)[39m
[31m    at async doRender (/home/moamen/Desktop/Grade-project/masar/node_modules/next/dist/server/base-server.js:1518:42)[39m
[31m    at async DevServer.renderToResponseWithComponentsImpl (/home/moamen/Desktop/Grade-project/masar/node_modules/next/dist/server/base-server.js:1920:28)[39m
[31m    at async DevServer.renderPageComponent (/home/moamen/Desktop/Grade-project/masar/node_modules/next/dist/server/base-server.js:2408:24)[39m
[31m    at async DevServer.renderToResponseImpl (/home/moamen/Desktop/Grade-project/masar/node_modules/next/dist/server/base-server.js:2445:32)[39m
[31m    at async DevServer.pipeImpl (/home/moamen/Desktop/Grade-project/masar/node_modules/next/dist/server/base-server.js:1008:25)[39m
[31m    at async NextNodeServer.handleCatchallRenderRequest (/home/moamen/Desktop/Grade-project/masar/node_modules/next/dist/server/next-server.js:305:17)[39m
[31m    at async DevServer.handleRequestImpl (/home/moamen/Desktop/Grade-project/masar/node_modules/next/dist/server/base-server.js:900:17)[39m
[31m    at async /home/moamen/Desktop/Grade-project/masar/node_modules/next/dist/server/dev/next-dev-server.js:371:20[39m
[31m    at async Span.traceAsyncFn (/home/moamen/Desktop/Grade-project/masar/node_modules/next/dist/trace/trace.js:157:20)[39m
[31m    at async DevServer.handleRequest (/home/moamen/Desktop/Grade-project/masar/node_modules/next/dist/server/dev/next-dev-server.js:368:24)[39m
[31m    at async invokeRender (/home/moamen/Desktop/Grade-project/masar/node_modules/next/dist/server/lib/router-server.js:237:21)[39m
[31m    at async handleRequest (/home/moamen/Desktop/Grade-project/masar/node_modules/next/dist/server/lib/router-server.js:428:24)[39m
[31m    at async requestHandlerImpl (/home/moamen/Desktop/Grade-project/masar/node_modules/next/dist/server/lib/router-server.js:452:13)[39m
[31m    at async Server.requestListener (/home/moamen/Desktop/Grade-project/masar/node_modules/next/dist/server/lib/start-server.js:158:13)[39m
2025-06-09 08:14:14:1414 [31merror[39m: [31mProfile creation failed[39m
